<?xml version="1.0" encoding="UTF-8"?>
<robot generator="Robot 4.1.2 (Python 3.8.10 on linux)" generated="20211217 01:39:37.550" rpa="false" schemaversion="2">
<suite id="s1" name="Test" source="/home/meng/PycharmProjects/QA_API_Token/test.robot">
<test id="s1-t1" name="Open Browser">
<kw name="Login" library="common">
<arg>${my_email}</arg>
<arg>${my_pw}</arg>
<kw name="Open Browser" library="SeleniumLibrary">
<arg>url=https://app.deriv.com</arg>
<arg>browser=chrome</arg>
<doc>Opens a new browser instance to the optional ``url``.</doc>
<msg timestamp="20211217 01:39:37.634" level="INFO">Opening browser 'chrome' to base url 'https://app.deriv.com'.</msg>
<status status="PASS" starttime="20211217 01:39:37.634" endtime="20211217 01:39:45.260"/>
</kw>
<kw name="Set Window Size" library="SeleniumLibrary">
<arg>1920</arg>
<arg>1080</arg>
<doc>Sets current windows size to given ``width`` and ``height``.</doc>
<status status="PASS" starttime="20211217 01:39:45.261" endtime="20211217 01:39:45.420"/>
</kw>
<kw name="Wait Until Page Contains Element" library="SeleniumLibrary">
<arg>${login_btn}</arg>
<arg>60</arg>
<doc>Waits until the element ``locator`` appears on the current page.</doc>
<status status="PASS" starttime="20211217 01:39:45.420" endtime="20211217 01:39:45.478"/>
</kw>
<kw name="Click Element" library="SeleniumLibrary">
<arg>${login_btn}</arg>
<doc>Click the element identified by ``locator``.</doc>
<msg timestamp="20211217 01:39:45.479" level="INFO">Clicking element 'dt_login_button'.</msg>
<status status="PASS" starttime="20211217 01:39:45.479" endtime="20211217 01:39:47.946"/>
</kw>
<kw name="Wait Until Page Contains Element" library="SeleniumLibrary">
<arg>${email_field}</arg>
<arg>15</arg>
<doc>Waits until the element ``locator`` appears on the current page.</doc>
<status status="PASS" starttime="20211217 01:39:47.946" endtime="20211217 01:39:47.956"/>
</kw>
<kw name="Input Text" library="SeleniumLibrary">
<arg>${email_field}</arg>
<arg>${email}</arg>
<doc>Types the given ``text`` into the text field identified by ``locator``.</doc>
<msg timestamp="20211217 01:39:47.956" level="INFO">Typing text 'meng@besquare.com.my' into text field 'name=email'.</msg>
<status status="PASS" starttime="20211217 01:39:47.956" endtime="20211217 01:39:48.004"/>
</kw>
<kw name="Input Text" library="SeleniumLibrary">
<arg>${pw_field}</arg>
<arg>${pw}</arg>
<doc>Types the given ``text`` into the text field identified by ``locator``.</doc>
<msg timestamp="20211217 01:39:48.004" level="INFO">Typing text 'Bencheong98' into text field '//*[@type="password"]'.</msg>
<status status="PASS" starttime="20211217 01:39:48.004" endtime="20211217 01:39:48.054"/>
</kw>
<kw name="Click Element" library="SeleniumLibrary">
<arg>${login_oauth_btn}</arg>
<doc>Click the element identified by ``locator``.</doc>
<msg timestamp="20211217 01:39:48.054" level="INFO">Clicking element '//*[text()="Log in"]'.</msg>
<status status="PASS" starttime="20211217 01:39:48.054" endtime="20211217 01:39:50.478"/>
</kw>
<status status="PASS" starttime="20211217 01:39:37.633" endtime="20211217 01:39:50.478"/>
</kw>
<kw name="Setting Page" library="common">
<kw name="Wait Until Page Does Not Contain Element" library="SeleniumLibrary">
<arg>${header_preloader}</arg>
<arg>60</arg>
<doc>Waits until the element ``locator`` disappears from the current page.</doc>
<status status="PASS" starttime="20211217 01:39:50.479" endtime="20211217 01:39:52.755"/>
</kw>
<kw name="Click Element" library="SeleniumLibrary">
<arg>//*[@class="account-settings-toggle"]</arg>
<doc>Click the element identified by ``locator``.</doc>
<msg timestamp="20211217 01:39:52.755" level="INFO">Clicking element '//*[@class="account-settings-toggle"]'.</msg>
<status status="PASS" starttime="20211217 01:39:52.755" endtime="20211217 01:39:52.846"/>
</kw>
<kw name="Wait Until Page Contains Element" library="SeleniumLibrary">
<arg>//*[@class="dc-vertical-tab__tab dc-vertical-tab__tab--floating"]</arg>
<arg>60</arg>
<doc>Waits until the element ``locator`` appears on the current page.</doc>
<status status="PASS" starttime="20211217 01:39:52.846" endtime="20211217 01:39:53.700"/>
</kw>
<kw name="Click Element" library="SeleniumLibrary">
<arg>dc_api-token_link</arg>
<doc>Click the element identified by ``locator``.</doc>
<msg timestamp="20211217 01:39:53.701" level="INFO">Clicking element 'dc_api-token_link'.</msg>
<status status="PASS" starttime="20211217 01:39:53.700" endtime="20211217 01:39:53.777"/>
</kw>
<status status="PASS" starttime="20211217 01:39:50.479" endtime="20211217 01:39:53.777"/>
</kw>
<kw name="Select Scope" library="common">
<kw name="Wait Until Page Does Not Contain Element" library="SeleniumLibrary">
<arg>//*[@class="initial-loader account__initial-loader"]</arg>
<arg>60</arg>
<doc>Waits until the element ``locator`` disappears from the current page.</doc>
<status status="PASS" starttime="20211217 01:39:53.777" endtime="20211217 01:39:54.421"/>
</kw>
<kw name="Click Element" library="SeleniumLibrary">
<arg>${read_parent}</arg>
<doc>Click the element identified by ``locator``.</doc>
<msg timestamp="20211217 01:39:54.422" level="INFO">Clicking element '//*[@name="read" and contains(@class, "dc-checkbox__input")]//parent::label'.</msg>
<status status="PASS" starttime="20211217 01:39:54.421" endtime="20211217 01:39:54.471"/>
</kw>
<kw name="Checkbox Should Be Selected" library="SeleniumLibrary">
<arg>${read}</arg>
<doc>Verifies checkbox ``locator`` is selected/checked.</doc>
<msg timestamp="20211217 01:39:54.472" level="INFO">Verifying checkbox '//*[@name="read" and contains(@class, "dc-checkbox__input")]' is selected.</msg>
<status status="PASS" starttime="20211217 01:39:54.471" endtime="20211217 01:39:54.496"/>
</kw>
<kw name="Click Element" library="SeleniumLibrary">
<arg>${trade_parent}</arg>
<doc>Click the element identified by ``locator``.</doc>
<msg timestamp="20211217 01:39:54.496" level="INFO">Clicking element '//*[@name="trade" and contains(@class, "dc-checkbox__input")]//parent::label'.</msg>
<status status="PASS" starttime="20211217 01:39:54.496" endtime="20211217 01:39:54.533"/>
</kw>
<kw name="Checkbox Should Be Selected" library="SeleniumLibrary">
<arg>${trade}</arg>
<doc>Verifies checkbox ``locator`` is selected/checked.</doc>
<msg timestamp="20211217 01:39:54.534" level="INFO">Verifying checkbox '//*[@name="trade" and contains(@class, "dc-checkbox__input")]' is selected.</msg>
<status status="PASS" starttime="20211217 01:39:54.534" endtime="20211217 01:39:54.559"/>
</kw>
<kw name="Click Element" library="SeleniumLibrary">
<arg>${payments_parent}</arg>
<doc>Click the element identified by ``locator``.</doc>
<msg timestamp="20211217 01:39:54.560" level="INFO">Clicking element '//*[@name="payments" and contains(@class, "dc-checkbox__input")]//parent::label'.</msg>
<status status="PASS" starttime="20211217 01:39:54.560" endtime="20211217 01:39:54.601"/>
</kw>
<kw name="Checkbox Should Be Selected" library="SeleniumLibrary">
<arg>${payments}</arg>
<doc>Verifies checkbox ``locator`` is selected/checked.</doc>
<msg timestamp="20211217 01:39:54.601" level="INFO">Verifying checkbox '//*[@name="payments" and contains(@class, "dc-checkbox__input")]' is selected.</msg>
<status status="PASS" starttime="20211217 01:39:54.601" endtime="20211217 01:39:54.623"/>
</kw>
<kw name="Click Element" library="SeleniumLibrary">
<arg>${admin_parent}</arg>
<doc>Click the element identified by ``locator``.</doc>
<msg timestamp="20211217 01:39:54.624" level="INFO">Clicking element '//*[@name="admin" and contains(@class, "dc-checkbox__input")]//parent::label'.</msg>
<status status="PASS" starttime="20211217 01:39:54.624" endtime="20211217 01:39:54.659"/>
</kw>
<kw name="Checkbox Should Be Selected" library="SeleniumLibrary">
<arg>${admin}</arg>
<doc>Verifies checkbox ``locator`` is selected/checked.</doc>
<msg timestamp="20211217 01:39:54.660" level="INFO">Verifying checkbox '//*[@name="admin" and contains(@class, "dc-checkbox__input")]' is selected.</msg>
<status status="PASS" starttime="20211217 01:39:54.660" endtime="20211217 01:39:54.682"/>
</kw>
<kw name="Click Element" library="SeleniumLibrary">
<arg>${trading_information_parent}</arg>
<doc>Click the element identified by ``locator``.</doc>
<msg timestamp="20211217 01:39:54.682" level="INFO">Clicking element '//*[@name="trading_information" and contains(@class, "dc-checkbox__input")]//parent::label'.</msg>
<status status="PASS" starttime="20211217 01:39:54.682" endtime="20211217 01:39:54.717"/>
</kw>
<kw name="Checkbox Should Be Selected" library="SeleniumLibrary">
<arg>${trading_information}</arg>
<doc>Verifies checkbox ``locator`` is selected/checked.</doc>
<msg timestamp="20211217 01:39:54.717" level="INFO">Verifying checkbox '//*[@name="trading_information" and contains(@class, "dc-checkbox__input")]' is selected.</msg>
<status status="PASS" starttime="20211217 01:39:54.717" endtime="20211217 01:39:54.744"/>
</kw>
<kw name="Click Element" library="SeleniumLibrary">
<arg>${read_parent}</arg>
<doc>Click the element identified by ``locator``.</doc>
<msg timestamp="20211217 01:39:54.745" level="INFO">Clicking element '//*[@name="read" and contains(@class, "dc-checkbox__input")]//parent::label'.</msg>
<status status="PASS" starttime="20211217 01:39:54.745" endtime="20211217 01:39:54.770"/>
</kw>
<kw name="Checkbox Should Not Be Selected" library="SeleniumLibrary">
<arg>${read}</arg>
<doc>Verifies checkbox ``locator`` is not selected/checked.</doc>
<msg timestamp="20211217 01:39:54.770" level="INFO">Verifying checkbox '//*[@name="read" and contains(@class, "dc-checkbox__input")]' is not selected.</msg>
<status status="PASS" starttime="20211217 01:39:54.770" endtime="20211217 01:39:54.786"/>
</kw>
<kw name="Click Element" library="SeleniumLibrary">
<arg>${trade_parent}</arg>
<doc>Click the element identified by ``locator``.</doc>
<msg timestamp="20211217 01:39:54.787" level="INFO">Clicking element '//*[@name="trade" and contains(@class, "dc-checkbox__input")]//parent::label'.</msg>
<status status="PASS" starttime="20211217 01:39:54.786" endtime="20211217 01:39:54.810"/>
</kw>
<kw name="Checkbox Should Not Be Selected" library="SeleniumLibrary">
<arg>${trade}</arg>
<doc>Verifies checkbox ``locator`` is not selected/checked.</doc>
<msg timestamp="20211217 01:39:54.811" level="INFO">Verifying checkbox '//*[@name="trade" and contains(@class, "dc-checkbox__input")]' is not selected.</msg>
<status status="PASS" starttime="20211217 01:39:54.811" endtime="20211217 01:39:54.826"/>
</kw>
<kw name="Click Element" library="SeleniumLibrary">
<arg>${payments_parent}</arg>
<doc>Click the element identified by ``locator``.</doc>
<msg timestamp="20211217 01:39:54.827" level="INFO">Clicking element '//*[@name="payments" and contains(@class, "dc-checkbox__input")]//parent::label'.</msg>
<status status="PASS" starttime="20211217 01:39:54.826" endtime="20211217 01:39:54.850"/>
</kw>
<kw name="Checkbox Should Not Be Selected" library="SeleniumLibrary">
<arg>${payments}</arg>
<doc>Verifies checkbox ``locator`` is not selected/checked.</doc>
<msg timestamp="20211217 01:39:54.851" level="INFO">Verifying checkbox '//*[@name="payments" and contains(@class, "dc-checkbox__input")]' is not selected.</msg>
<status status="PASS" starttime="20211217 01:39:54.851" endtime="20211217 01:39:54.867"/>
</kw>
<kw name="Click Element" library="SeleniumLibrary">
<arg>${admin_parent}</arg>
<doc>Click the element identified by ``locator``.</doc>
<msg timestamp="20211217 01:39:54.867" level="INFO">Clicking element '//*[@name="admin" and contains(@class, "dc-checkbox__input")]//parent::label'.</msg>
<status status="PASS" starttime="20211217 01:39:54.867" endtime="20211217 01:39:54.894"/>
</kw>
<kw name="Checkbox Should Not Be Selected" library="SeleniumLibrary">
<arg>${admin}</arg>
<doc>Verifies checkbox ``locator`` is not selected/checked.</doc>
<msg timestamp="20211217 01:39:54.894" level="INFO">Verifying checkbox '//*[@name="admin" and contains(@class, "dc-checkbox__input")]' is not selected.</msg>
<status status="PASS" starttime="20211217 01:39:54.894" endtime="20211217 01:39:54.911"/>
</kw>
<kw name="Click Element" library="SeleniumLibrary">
<arg>${trading_information_parent}</arg>
<doc>Click the element identified by ``locator``.</doc>
<msg timestamp="20211217 01:39:54.912" level="INFO">Clicking element '//*[@name="trading_information" and contains(@class, "dc-checkbox__input")]//parent::label'.</msg>
<status status="PASS" starttime="20211217 01:39:54.912" endtime="20211217 01:39:54.939"/>
</kw>
<kw name="Checkbox Should Not Be Selected" library="SeleniumLibrary">
<arg>${trading_information}</arg>
<doc>Verifies checkbox ``locator`` is not selected/checked.</doc>
<msg timestamp="20211217 01:39:54.939" level="INFO">Verifying checkbox '//*[@name="trading_information" and contains(@class, "dc-checkbox__input")]' is not selected.</msg>
<status status="PASS" starttime="20211217 01:39:54.939" endtime="20211217 01:39:54.956"/>
</kw>
<status status="PASS" starttime="20211217 01:39:53.777" endtime="20211217 01:39:54.956"/>
</kw>
<kw name="Input Name" library="common">
<kw name="Click Element" library="SeleniumLibrary">
<arg>//*[@class="dc-input da-api-token__input"]</arg>
<doc>Click the element identified by ``locator``.</doc>
<msg timestamp="20211217 01:39:54.957" level="INFO">Clicking element '//*[@class="dc-input da-api-token__input"]'.</msg>
<status status="PASS" starttime="20211217 01:39:54.957" endtime="20211217 01:39:54.993"/>
</kw>
<kw name="Input Text" library="SeleniumLibrary">
<arg>//*[@name="token_name"]</arg>
<arg>H</arg>
<arg>True</arg>
<doc>Types the given ``text`` into the text field identified by ``locator``.</doc>
<msg timestamp="20211217 01:39:54.994" level="INFO">Typing text 'H' into text field '//*[@name="token_name"]'.</msg>
<status status="PASS" starttime="20211217 01:39:54.993" endtime="20211217 01:39:55.057"/>
</kw>
<kw name="Wait Until Page Contains Element" library="SeleniumLibrary">
<arg>//*[text()="Length of token name must be between 2 and 32 characters." and contains(@class, "dc-field dc-field--error")]</arg>
<arg>15</arg>
<doc>Waits until the element ``locator`` appears on the current page.</doc>
<status status="PASS" starttime="20211217 01:39:55.058" endtime="20211217 01:39:55.066"/>
</kw>
<kw name="Element Should Be Disabled" library="SeleniumLibrary">
<arg>//*[@class="dc-btn dc-btn__effect dc-btn--primary dc-btn__large da-api-token__button"]</arg>
<doc>Verifies that element identified by ``locator`` is disabled.</doc>
<status status="PASS" starttime="20211217 01:39:55.066" endtime="20211217 01:39:55.082"/>
</kw>
<kw name="Press Keys" library="SeleniumLibrary">
<arg>//*[@name="token_name"]</arg>
<arg>CTRL+ALL</arg>
<arg>DELETE</arg>
<doc>Simulates the user pressing key(s) to an element or on the active browser.</doc>
<msg timestamp="20211217 01:39:55.082" level="INFO">Sending key(s) ('CTRL+ALL', 'DELETE') to //*[@name="token_name"] element.</msg>
<msg timestamp="20211217 01:39:55.361" level="INFO">Pressing special key CONTROL down.</msg>
<msg timestamp="20211217 01:39:55.361" level="INFO">Sending keys ALL</msg>
<msg timestamp="20211217 01:39:55.361" level="INFO">Releasing special key CONTROL.</msg>
<msg timestamp="20211217 01:39:55.373" level="INFO">Pressing special key DELETE to element.</msg>
<msg timestamp="20211217 01:39:55.373" level="INFO">Releasing special key DELETE.</msg>
<status status="PASS" starttime="20211217 01:39:55.082" endtime="20211217 01:39:55.381"/>
</kw>
<kw name="Input Text" library="SeleniumLibrary">
<arg>//*[@name="token_name"]</arg>
<arg>1234567890qwertyuiopasdfghjklzxcv</arg>
<arg>True</arg>
<doc>Types the given ``text`` into the text field identified by ``locator``.</doc>
<msg timestamp="20211217 01:39:55.382" level="INFO">Typing text '1234567890qwertyuiopasdfghjklzxcv' into text field '//*[@name="token_name"]'.</msg>
<status status="PASS" starttime="20211217 01:39:55.381" endtime="20211217 01:39:55.536"/>
</kw>
<kw name="Wait Until Page Contains Element" library="SeleniumLibrary">
<arg>//*[text()="Maximum 32 characters." and contains(@class, "dc-field dc-field--error")]</arg>
<arg>15</arg>
<doc>Waits until the element ``locator`` appears on the current page.</doc>
<status status="PASS" starttime="20211217 01:39:55.537" endtime="20211217 01:39:55.544"/>
</kw>
<kw name="Element Should Be Disabled" library="SeleniumLibrary">
<arg>//*[@class="dc-btn dc-btn__effect dc-btn--primary dc-btn__large da-api-token__button"]</arg>
<doc>Verifies that element identified by ``locator`` is disabled.</doc>
<status status="PASS" starttime="20211217 01:39:55.545" endtime="20211217 01:39:55.554"/>
</kw>
<kw name="Press Keys" library="SeleniumLibrary">
<arg>//*[@name="token_name"]</arg>
<arg>CTRL+ALL</arg>
<arg>DELETE</arg>
<doc>Simulates the user pressing key(s) to an element or on the active browser.</doc>
<msg timestamp="20211217 01:39:55.555" level="INFO">Sending key(s) ('CTRL+ALL', 'DELETE') to //*[@name="token_name"] element.</msg>
<msg timestamp="20211217 01:39:55.822" level="INFO">Pressing special key CONTROL down.</msg>
<msg timestamp="20211217 01:39:55.822" level="INFO">Sending keys ALL</msg>
<msg timestamp="20211217 01:39:55.822" level="INFO">Releasing special key CONTROL.</msg>
<msg timestamp="20211217 01:39:55.844" level="INFO">Pressing special key DELETE to element.</msg>
<msg timestamp="20211217 01:39:55.844" level="INFO">Releasing special key DELETE.</msg>
<status status="PASS" starttime="20211217 01:39:55.554" endtime="20211217 01:39:55.855"/>
</kw>
<kw name="Input Text" library="SeleniumLibrary">
<arg>//*[@name="token_name"]</arg>
<arg>!@</arg>
<arg>True</arg>
<doc>Types the given ``text`` into the text field identified by ``locator``.</doc>
<msg timestamp="20211217 01:39:55.855" level="INFO">Typing text '!@' into text field '//*[@name="token_name"]'.</msg>
<status status="PASS" starttime="20211217 01:39:55.855" endtime="20211217 01:39:55.886"/>
</kw>
<kw name="Wait Until Page Contains Element" library="SeleniumLibrary">
<arg>//*[text()="Only letters, numbers, and underscores are allowed." and contains(@class, "dc-field dc-field--error")]</arg>
<arg>15</arg>
<doc>Waits until the element ``locator`` appears on the current page.</doc>
<status status="PASS" starttime="20211217 01:39:55.887" endtime="20211217 01:39:55.894"/>
</kw>
<kw name="Element Should Be Disabled" library="SeleniumLibrary">
<arg>//*[@class="dc-btn dc-btn__effect dc-btn--primary dc-btn__large da-api-token__button"]</arg>
<doc>Verifies that element identified by ``locator`` is disabled.</doc>
<status status="PASS" starttime="20211217 01:39:55.894" endtime="20211217 01:39:55.903"/>
</kw>
<kw name="Press Keys" library="SeleniumLibrary">
<arg>//*[@name="token_name"]</arg>
<arg>CTRL+ALL</arg>
<arg>DELETE</arg>
<doc>Simulates the user pressing key(s) to an element or on the active browser.</doc>
<msg timestamp="20211217 01:39:55.903" level="INFO">Sending key(s) ('CTRL+ALL', 'DELETE') to //*[@name="token_name"] element.</msg>
<msg timestamp="20211217 01:39:56.167" level="INFO">Pressing special key CONTROL down.</msg>
<msg timestamp="20211217 01:39:56.167" level="INFO">Sending keys ALL</msg>
<msg timestamp="20211217 01:39:56.168" level="INFO">Releasing special key CONTROL.</msg>
<msg timestamp="20211217 01:39:56.180" level="INFO">Pressing special key DELETE to element.</msg>
<msg timestamp="20211217 01:39:56.180" level="INFO">Releasing special key DELETE.</msg>
<status status="PASS" starttime="20211217 01:39:55.903" endtime="20211217 01:39:56.190"/>
</kw>
<kw name="Wait Until Page Contains Element" library="SeleniumLibrary">
<arg>//*[text()="Please enter a token name." and contains(@class, "dc-field dc-field--error")]</arg>
<arg>15</arg>
<doc>Waits until the element ``locator`` appears on the current page.</doc>
<status status="PASS" starttime="20211217 01:39:56.190" endtime="20211217 01:39:56.199"/>
</kw>
<kw name="Element Should Be Disabled" library="SeleniumLibrary">
<arg>//*[@class="dc-btn dc-btn__effect dc-btn--primary dc-btn__large da-api-token__button"]</arg>
<doc>Verifies that element identified by ``locator`` is disabled.</doc>
<status status="PASS" starttime="20211217 01:39:56.199" endtime="20211217 01:39:56.206"/>
</kw>
<kw name="Press Keys" library="SeleniumLibrary">
<arg>//*[@name="token_name"]</arg>
<arg>CTRL+ALL</arg>
<arg>DELETE</arg>
<doc>Simulates the user pressing key(s) to an element or on the active browser.</doc>
<msg timestamp="20211217 01:39:56.207" level="INFO">Sending key(s) ('CTRL+ALL', 'DELETE') to //*[@name="token_name"] element.</msg>
<msg timestamp="20211217 01:39:56.470" level="INFO">Pressing special key CONTROL down.</msg>
<msg timestamp="20211217 01:39:56.470" level="INFO">Sending keys ALL</msg>
<msg timestamp="20211217 01:39:56.470" level="INFO">Releasing special key CONTROL.</msg>
<msg timestamp="20211217 01:39:56.482" level="INFO">Pressing special key DELETE to element.</msg>
<msg timestamp="20211217 01:39:56.482" level="INFO">Releasing special key DELETE.</msg>
<status status="PASS" starttime="20211217 01:39:56.206" endtime="20211217 01:39:56.485"/>
</kw>
<kw name="Input Text" library="SeleniumLibrary">
<arg>//*[@name="token_name"]</arg>
<arg>Hi this is</arg>
<arg>True</arg>
<doc>Types the given ``text`` into the text field identified by ``locator``.</doc>
<msg timestamp="20211217 01:39:56.485" level="INFO">Typing text 'Hi this is' into text field '//*[@name="token_name"]'.</msg>
<status status="PASS" starttime="20211217 01:39:56.485" endtime="20211217 01:39:56.541"/>
</kw>
<kw name="Element Should Be Disabled" library="SeleniumLibrary">
<arg>//*[@class="dc-btn dc-btn__effect dc-btn--primary dc-btn__large da-api-token__button"]</arg>
<doc>Verifies that element identified by ``locator`` is disabled.</doc>
<status status="PASS" starttime="20211217 01:39:56.541" endtime="20211217 01:39:56.552"/>
</kw>
<kw name="Press Keys" library="SeleniumLibrary">
<arg>//*[@name="token_name"]</arg>
<arg>CTRL+ALL</arg>
<arg>DELETE</arg>
<doc>Simulates the user pressing key(s) to an element or on the active browser.</doc>
<msg timestamp="20211217 01:39:56.553" level="INFO">Sending key(s) ('CTRL+ALL', 'DELETE') to //*[@name="token_name"] element.</msg>
<msg timestamp="20211217 01:39:56.826" level="INFO">Pressing special key CONTROL down.</msg>
<msg timestamp="20211217 01:39:56.826" level="INFO">Sending keys ALL</msg>
<msg timestamp="20211217 01:39:56.826" level="INFO">Releasing special key CONTROL.</msg>
<msg timestamp="20211217 01:39:56.839" level="INFO">Pressing special key DELETE to element.</msg>
<msg timestamp="20211217 01:39:56.839" level="INFO">Releasing special key DELETE.</msg>
<status status="PASS" starttime="20211217 01:39:56.552" endtime="20211217 01:39:56.848"/>
</kw>
<kw name="Input Text" library="SeleniumLibrary">
<arg>//*[@name="token_name"]</arg>
<arg>_Hi_this_is</arg>
<arg>True</arg>
<doc>Types the given ``text`` into the text field identified by ``locator``.</doc>
<msg timestamp="20211217 01:39:56.849" level="INFO">Typing text '_Hi_this_is' into text field '//*[@name="token_name"]'.</msg>
<status status="PASS" starttime="20211217 01:39:56.848" endtime="20211217 01:39:56.922"/>
</kw>
<kw name="Element Should Be Disabled" library="SeleniumLibrary">
<arg>//*[@class="dc-btn dc-btn__effect dc-btn--primary dc-btn__large da-api-token__button"]</arg>
<doc>Verifies that element identified by ``locator`` is disabled.</doc>
<status status="PASS" starttime="20211217 01:39:56.922" endtime="20211217 01:39:56.931"/>
</kw>
<status status="PASS" starttime="20211217 01:39:54.957" endtime="20211217 01:39:56.931"/>
</kw>
<kw name="Token Creation" library="common">
<kw name="Click Element" library="SeleniumLibrary">
<arg>${read_parent}</arg>
<doc>Click the element identified by ``locator``.</doc>
<msg timestamp="20211217 01:39:56.931" level="INFO">Clicking element '//*[@name="read" and contains(@class, "dc-checkbox__input")]//parent::label'.</msg>
<status status="PASS" starttime="20211217 01:39:56.931" endtime="20211217 01:39:56.963"/>
</kw>
<kw name="Checkbox Should Be Selected" library="SeleniumLibrary">
<arg>${read}</arg>
<doc>Verifies checkbox ``locator`` is selected/checked.</doc>
<msg timestamp="20211217 01:39:56.963" level="INFO">Verifying checkbox '//*[@name="read" and contains(@class, "dc-checkbox__input")]' is selected.</msg>
<status status="PASS" starttime="20211217 01:39:56.963" endtime="20211217 01:39:56.980"/>
</kw>
<kw name="Press Keys" library="SeleniumLibrary">
<arg>//*[@name="token_name"]</arg>
<arg>CTRL+ALL</arg>
<arg>DELETE</arg>
<doc>Simulates the user pressing key(s) to an element or on the active browser.</doc>
<msg timestamp="20211217 01:39:56.981" level="INFO">Sending key(s) ('CTRL+ALL', 'DELETE') to //*[@name="token_name"] element.</msg>
<msg timestamp="20211217 01:39:57.257" level="INFO">Pressing special key CONTROL down.</msg>
<msg timestamp="20211217 01:39:57.257" level="INFO">Sending keys ALL</msg>
<msg timestamp="20211217 01:39:57.257" level="INFO">Releasing special key CONTROL.</msg>
<msg timestamp="20211217 01:39:57.263" level="INFO">Pressing special key DELETE to element.</msg>
<msg timestamp="20211217 01:39:57.263" level="INFO">Releasing special key DELETE.</msg>
<status status="PASS" starttime="20211217 01:39:56.980" endtime="20211217 01:39:57.272"/>
</kw>
<kw name="Input Text" library="SeleniumLibrary">
<arg>//*[@name="token_name"]</arg>
<arg>1234567890qwertyuiopasdfghjklzxcv</arg>
<arg>True</arg>
<doc>Types the given ``text`` into the text field identified by ``locator``.</doc>
<msg timestamp="20211217 01:39:57.272" level="INFO">Typing text '1234567890qwertyuiopasdfghjklzxcv' into text field '//*[@name="token_name"]'.</msg>
<status status="PASS" starttime="20211217 01:39:57.272" endtime="20211217 01:39:57.442"/>
</kw>
<kw name="Element Should Be Disabled" library="SeleniumLibrary">
<arg>//*[@class="dc-btn dc-btn__effect dc-btn--primary dc-btn__large da-api-token__button"]</arg>
<doc>Verifies that element identified by ``locator`` is disabled.</doc>
<status status="PASS" starttime="20211217 01:39:57.442" endtime="20211217 01:39:57.452"/>
</kw>
<kw name="Checkbox Should Be Selected" library="SeleniumLibrary">
<arg>${read}</arg>
<doc>Verifies checkbox ``locator`` is selected/checked.</doc>
<msg timestamp="20211217 01:39:57.452" level="INFO">Verifying checkbox '//*[@name="read" and contains(@class, "dc-checkbox__input")]' is selected.</msg>
<status status="PASS" starttime="20211217 01:39:57.452" endtime="20211217 01:39:57.466"/>
</kw>
<kw name="Press Keys" library="SeleniumLibrary">
<arg>//*[@name="token_name"]</arg>
<arg>CTRL+ALL</arg>
<arg>DELETE</arg>
<doc>Simulates the user pressing key(s) to an element or on the active browser.</doc>
<msg timestamp="20211217 01:39:57.467" level="INFO">Sending key(s) ('CTRL+ALL', 'DELETE') to //*[@name="token_name"] element.</msg>
<msg timestamp="20211217 01:39:57.740" level="INFO">Pressing special key CONTROL down.</msg>
<msg timestamp="20211217 01:39:57.741" level="INFO">Sending keys ALL</msg>
<msg timestamp="20211217 01:39:57.741" level="INFO">Releasing special key CONTROL.</msg>
<msg timestamp="20211217 01:39:57.750" level="INFO">Pressing special key DELETE to element.</msg>
<msg timestamp="20211217 01:39:57.750" level="INFO">Releasing special key DELETE.</msg>
<status status="PASS" starttime="20211217 01:39:57.466" endtime="20211217 01:39:57.757"/>
</kw>
<kw name="Input Text" library="SeleniumLibrary">
<arg>//*[@name="token_name"]</arg>
<arg>Hi this is</arg>
<arg>True</arg>
<doc>Types the given ``text`` into the text field identified by ``locator``.</doc>
<msg timestamp="20211217 01:39:57.757" level="INFO">Typing text 'Hi this is' into text field '//*[@name="token_name"]'.</msg>
<status status="PASS" starttime="20211217 01:39:57.757" endtime="20211217 01:39:57.813"/>
</kw>
<kw name="Element Should Be Enabled" library="SeleniumLibrary">
<arg>//*[@class="dc-btn dc-btn__effect dc-btn--primary dc-btn__large da-api-token__button"]</arg>
<doc>Verifies that element identified by ``locator`` is enabled.</doc>
<status status="PASS" starttime="20211217 01:39:57.813" endtime="20211217 01:39:57.826"/>
</kw>
<kw name="Checkbox Should Be Selected" library="SeleniumLibrary">
<arg>${read}</arg>
<doc>Verifies checkbox ``locator`` is selected/checked.</doc>
<msg timestamp="20211217 01:39:57.827" level="INFO">Verifying checkbox '//*[@name="read" and contains(@class, "dc-checkbox__input")]' is selected.</msg>
<status status="PASS" starttime="20211217 01:39:57.826" endtime="20211217 01:39:57.841"/>
</kw>
<kw name="Click Element" library="SeleniumLibrary">
<arg>${trade_parent}</arg>
<doc>Click the element identified by ``locator``.</doc>
<msg timestamp="20211217 01:39:57.842" level="INFO">Clicking element '//*[@name="trade" and contains(@class, "dc-checkbox__input")]//parent::label'.</msg>
<status status="PASS" starttime="20211217 01:39:57.841" endtime="20211217 01:39:57.871"/>
</kw>
<kw name="Checkbox Should Be Selected" library="SeleniumLibrary">
<arg>${trade}</arg>
<doc>Verifies checkbox ``locator`` is selected/checked.</doc>
<msg timestamp="20211217 01:39:57.871" level="INFO">Verifying checkbox '//*[@name="trade" and contains(@class, "dc-checkbox__input")]' is selected.</msg>
<status status="PASS" starttime="20211217 01:39:57.871" endtime="20211217 01:39:57.889"/>
</kw>
<kw name="Click Element" library="SeleniumLibrary">
<arg>${payments_parent}</arg>
<doc>Click the element identified by ``locator``.</doc>
<msg timestamp="20211217 01:39:57.889" level="INFO">Clicking element '//*[@name="payments" and contains(@class, "dc-checkbox__input")]//parent::label'.</msg>
<status status="PASS" starttime="20211217 01:39:57.889" endtime="20211217 01:39:57.913"/>
</kw>
<kw name="Checkbox Should Be Selected" library="SeleniumLibrary">
<arg>${payments}</arg>
<doc>Verifies checkbox ``locator`` is selected/checked.</doc>
<msg timestamp="20211217 01:39:57.913" level="INFO">Verifying checkbox '//*[@name="payments" and contains(@class, "dc-checkbox__input")]' is selected.</msg>
<status status="PASS" starttime="20211217 01:39:57.913" endtime="20211217 01:39:57.930"/>
</kw>
<kw name="Press Keys" library="SeleniumLibrary">
<arg>//*[@name="token_name"]</arg>
<arg>CTRL+ALL</arg>
<arg>DELETE</arg>
<doc>Simulates the user pressing key(s) to an element or on the active browser.</doc>
<msg timestamp="20211217 01:39:57.931" level="INFO">Sending key(s) ('CTRL+ALL', 'DELETE') to //*[@name="token_name"] element.</msg>
<msg timestamp="20211217 01:39:58.210" level="INFO">Pressing special key CONTROL down.</msg>
<msg timestamp="20211217 01:39:58.210" level="INFO">Sending keys ALL</msg>
<msg timestamp="20211217 01:39:58.210" level="INFO">Releasing special key CONTROL.</msg>
<msg timestamp="20211217 01:39:58.224" level="INFO">Pressing special key DELETE to element.</msg>
<msg timestamp="20211217 01:39:58.224" level="INFO">Releasing special key DELETE.</msg>
<status status="PASS" starttime="20211217 01:39:57.931" endtime="20211217 01:39:58.231"/>
</kw>
<kw name="Input Text" library="SeleniumLibrary">
<arg>//*[@name="token_name"]</arg>
<arg>H</arg>
<arg>True</arg>
<doc>Types the given ``text`` into the text field identified by ``locator``.</doc>
<msg timestamp="20211217 01:39:58.231" level="INFO">Typing text 'H' into text field '//*[@name="token_name"]'.</msg>
<status status="PASS" starttime="20211217 01:39:58.231" endtime="20211217 01:39:58.262"/>
</kw>
<kw name="Wait Until Page Contains Element" library="SeleniumLibrary">
<arg>//*[text()="Length of token name must be between 2 and 32 characters." and contains(@class, "dc-field dc-field--error")]</arg>
<arg>15</arg>
<doc>Waits until the element ``locator`` appears on the current page.</doc>
<status status="PASS" starttime="20211217 01:39:58.262" endtime="20211217 01:39:58.267"/>
</kw>
<kw name="Element Should Be Disabled" library="SeleniumLibrary">
<arg>//*[@class="dc-btn dc-btn__effect dc-btn--primary dc-btn__large da-api-token__button"]</arg>
<doc>Verifies that element identified by ``locator`` is disabled.</doc>
<status status="PASS" starttime="20211217 01:39:58.267" endtime="20211217 01:39:58.274"/>
</kw>
<kw name="Checkbox Should Be Selected" library="SeleniumLibrary">
<arg>${read}</arg>
<doc>Verifies checkbox ``locator`` is selected/checked.</doc>
<msg timestamp="20211217 01:39:58.275" level="INFO">Verifying checkbox '//*[@name="read" and contains(@class, "dc-checkbox__input")]' is selected.</msg>
<status status="PASS" starttime="20211217 01:39:58.275" endtime="20211217 01:39:58.289"/>
</kw>
<kw name="Checkbox Should Be Selected" library="SeleniumLibrary">
<arg>${trade}</arg>
<doc>Verifies checkbox ``locator`` is selected/checked.</doc>
<msg timestamp="20211217 01:39:58.289" level="INFO">Verifying checkbox '//*[@name="trade" and contains(@class, "dc-checkbox__input")]' is selected.</msg>
<status status="PASS" starttime="20211217 01:39:58.289" endtime="20211217 01:39:58.304"/>
</kw>
<kw name="Checkbox Should Be Selected" library="SeleniumLibrary">
<arg>${payments}</arg>
<doc>Verifies checkbox ``locator`` is selected/checked.</doc>
<msg timestamp="20211217 01:39:58.305" level="INFO">Verifying checkbox '//*[@name="payments" and contains(@class, "dc-checkbox__input")]' is selected.</msg>
<status status="PASS" starttime="20211217 01:39:58.304" endtime="20211217 01:39:58.319"/>
</kw>
<kw name="Press Keys" library="SeleniumLibrary">
<arg>//*[@name="token_name"]</arg>
<arg>CTRL+ALL</arg>
<arg>DELETE</arg>
<doc>Simulates the user pressing key(s) to an element or on the active browser.</doc>
<msg timestamp="20211217 01:39:58.320" level="INFO">Sending key(s) ('CTRL+ALL', 'DELETE') to //*[@name="token_name"] element.</msg>
<msg timestamp="20211217 01:39:58.591" level="INFO">Pressing special key CONTROL down.</msg>
<msg timestamp="20211217 01:39:58.592" level="INFO">Sending keys ALL</msg>
<msg timestamp="20211217 01:39:58.592" level="INFO">Releasing special key CONTROL.</msg>
<msg timestamp="20211217 01:39:58.603" level="INFO">Pressing special key DELETE to element.</msg>
<msg timestamp="20211217 01:39:58.603" level="INFO">Releasing special key DELETE.</msg>
<status status="PASS" starttime="20211217 01:39:58.319" endtime="20211217 01:39:58.610"/>
</kw>
<kw name="Input Text" library="SeleniumLibrary">
<arg>//*[@name="token_name"]</arg>
<arg>_Hi_this_is</arg>
<arg>True</arg>
<doc>Types the given ``text`` into the text field identified by ``locator``.</doc>
<msg timestamp="20211217 01:39:58.611" level="INFO">Typing text '_Hi_this_is' into text field '//*[@name="token_name"]'.</msg>
<status status="PASS" starttime="20211217 01:39:58.610" endtime="20211217 01:39:58.674"/>
</kw>
<kw name="Element Should Be Enabled" library="SeleniumLibrary">
<arg>//*[@class="dc-btn dc-btn__effect dc-btn--primary dc-btn__large da-api-token__button"]</arg>
<doc>Verifies that element identified by ``locator`` is enabled.</doc>
<status status="PASS" starttime="20211217 01:39:58.674" endtime="20211217 01:39:58.688"/>
</kw>
<kw name="Checkbox Should Be Selected" library="SeleniumLibrary">
<arg>${read}</arg>
<doc>Verifies checkbox ``locator`` is selected/checked.</doc>
<msg timestamp="20211217 01:39:58.689" level="INFO">Verifying checkbox '//*[@name="read" and contains(@class, "dc-checkbox__input")]' is selected.</msg>
<status status="PASS" starttime="20211217 01:39:58.688" endtime="20211217 01:39:58.705"/>
</kw>
<kw name="Checkbox Should Be Selected" library="SeleniumLibrary">
<arg>${trade}</arg>
<doc>Verifies checkbox ``locator`` is selected/checked.</doc>
<msg timestamp="20211217 01:39:58.705" level="INFO">Verifying checkbox '//*[@name="trade" and contains(@class, "dc-checkbox__input")]' is selected.</msg>
<status status="PASS" starttime="20211217 01:39:58.705" endtime="20211217 01:39:58.721"/>
</kw>
<kw name="Checkbox Should Be Selected" library="SeleniumLibrary">
<arg>${payments}</arg>
<doc>Verifies checkbox ``locator`` is selected/checked.</doc>
<msg timestamp="20211217 01:39:58.722" level="INFO">Verifying checkbox '//*[@name="payments" and contains(@class, "dc-checkbox__input")]' is selected.</msg>
<status status="PASS" starttime="20211217 01:39:58.721" endtime="20211217 01:39:58.738"/>
</kw>
<kw name="Click Element" library="SeleniumLibrary">
<arg>${admin_parent}</arg>
<doc>Click the element identified by ``locator``.</doc>
<msg timestamp="20211217 01:39:58.738" level="INFO">Clicking element '//*[@name="admin" and contains(@class, "dc-checkbox__input")]//parent::label'.</msg>
<status status="PASS" starttime="20211217 01:39:58.738" endtime="20211217 01:39:58.766"/>
</kw>
<kw name="Checkbox Should Be Selected" library="SeleniumLibrary">
<arg>${admin}</arg>
<doc>Verifies checkbox ``locator`` is selected/checked.</doc>
<msg timestamp="20211217 01:39:58.768" level="INFO">Verifying checkbox '//*[@name="admin" and contains(@class, "dc-checkbox__input")]' is selected.</msg>
<status status="PASS" starttime="20211217 01:39:58.767" endtime="20211217 01:39:58.785"/>
</kw>
<kw name="Click Element" library="SeleniumLibrary">
<arg>${trading_information_parent}</arg>
<doc>Click the element identified by ``locator``.</doc>
<msg timestamp="20211217 01:39:58.785" level="INFO">Clicking element '//*[@name="trading_information" and contains(@class, "dc-checkbox__input")]//parent::label'.</msg>
<status status="PASS" starttime="20211217 01:39:58.785" endtime="20211217 01:39:58.809"/>
</kw>
<kw name="Checkbox Should Be Selected" library="SeleniumLibrary">
<arg>${trading_information}</arg>
<doc>Verifies checkbox ``locator`` is selected/checked.</doc>
<msg timestamp="20211217 01:39:58.810" level="INFO">Verifying checkbox '//*[@name="trading_information" and contains(@class, "dc-checkbox__input")]' is selected.</msg>
<status status="PASS" starttime="20211217 01:39:58.810" endtime="20211217 01:39:58.829"/>
</kw>
<kw name="Press Keys" library="SeleniumLibrary">
<arg>//*[@name="token_name"]</arg>
<arg>CTRL+ALL</arg>
<arg>DELETE</arg>
<doc>Simulates the user pressing key(s) to an element or on the active browser.</doc>
<msg timestamp="20211217 01:39:58.830" level="INFO">Sending key(s) ('CTRL+ALL', 'DELETE') to //*[@name="token_name"] element.</msg>
<msg timestamp="20211217 01:39:59.109" level="INFO">Pressing special key CONTROL down.</msg>
<msg timestamp="20211217 01:39:59.110" level="INFO">Sending keys ALL</msg>
<msg timestamp="20211217 01:39:59.110" level="INFO">Releasing special key CONTROL.</msg>
<msg timestamp="20211217 01:39:59.122" level="INFO">Pressing special key DELETE to element.</msg>
<msg timestamp="20211217 01:39:59.122" level="INFO">Releasing special key DELETE.</msg>
<status status="PASS" starttime="20211217 01:39:58.829" endtime="20211217 01:39:59.129"/>
</kw>
<kw name="Input Text" library="SeleniumLibrary">
<arg>//*[@name="token_name"]</arg>
<arg>!@</arg>
<arg>True</arg>
<doc>Types the given ``text`` into the text field identified by ``locator``.</doc>
<msg timestamp="20211217 01:39:59.130" level="INFO">Typing text '!@' into text field '//*[@name="token_name"]'.</msg>
<status status="PASS" starttime="20211217 01:39:59.130" endtime="20211217 01:39:59.164"/>
</kw>
<kw name="Wait Until Page Contains Element" library="SeleniumLibrary">
<arg>//*[text()="Only letters, numbers, and underscores are allowed." and contains(@class, "dc-field dc-field--error")]</arg>
<arg>15</arg>
<doc>Waits until the element ``locator`` appears on the current page.</doc>
<status status="PASS" starttime="20211217 01:39:59.164" endtime="20211217 01:39:59.170"/>
</kw>
<kw name="Element Should Be Disabled" library="SeleniumLibrary">
<arg>//*[@class="dc-btn dc-btn__effect dc-btn--primary dc-btn__large da-api-token__button"]</arg>
<doc>Verifies that element identified by ``locator`` is disabled.</doc>
<status status="PASS" starttime="20211217 01:39:59.170" endtime="20211217 01:39:59.178"/>
</kw>
<kw name="Checkbox Should Be Selected" library="SeleniumLibrary">
<arg>${read}</arg>
<doc>Verifies checkbox ``locator`` is selected/checked.</doc>
<msg timestamp="20211217 01:39:59.178" level="INFO">Verifying checkbox '//*[@name="read" and contains(@class, "dc-checkbox__input")]' is selected.</msg>
<status status="PASS" starttime="20211217 01:39:59.178" endtime="20211217 01:39:59.194"/>
</kw>
<kw name="Checkbox Should Be Selected" library="SeleniumLibrary">
<arg>${trade}</arg>
<doc>Verifies checkbox ``locator`` is selected/checked.</doc>
<msg timestamp="20211217 01:39:59.195" level="INFO">Verifying checkbox '//*[@name="trade" and contains(@class, "dc-checkbox__input")]' is selected.</msg>
<status status="PASS" starttime="20211217 01:39:59.194" endtime="20211217 01:39:59.210"/>
</kw>
<kw name="Checkbox Should Be Selected" library="SeleniumLibrary">
<arg>${payments}</arg>
<doc>Verifies checkbox ``locator`` is selected/checked.</doc>
<msg timestamp="20211217 01:39:59.211" level="INFO">Verifying checkbox '//*[@name="payments" and contains(@class, "dc-checkbox__input")]' is selected.</msg>
<status status="PASS" starttime="20211217 01:39:59.210" endtime="20211217 01:39:59.226"/>
</kw>
<kw name="Checkbox Should Be Selected" library="SeleniumLibrary">
<arg>${admin}</arg>
<doc>Verifies checkbox ``locator`` is selected/checked.</doc>
<msg timestamp="20211217 01:39:59.226" level="INFO">Verifying checkbox '//*[@name="admin" and contains(@class, "dc-checkbox__input")]' is selected.</msg>
<status status="PASS" starttime="20211217 01:39:59.226" endtime="20211217 01:39:59.240"/>
</kw>
<kw name="Checkbox Should Be Selected" library="SeleniumLibrary">
<arg>${trading_information}</arg>
<doc>Verifies checkbox ``locator`` is selected/checked.</doc>
<msg timestamp="20211217 01:39:59.240" level="INFO">Verifying checkbox '//*[@name="trading_information" and contains(@class, "dc-checkbox__input")]' is selected.</msg>
<status status="PASS" starttime="20211217 01:39:59.240" endtime="20211217 01:39:59.255"/>
</kw>
<kw name="Press Keys" library="SeleniumLibrary">
<arg>//*[@name="token_name"]</arg>
<arg>CTRL+ALL</arg>
<arg>DELETE</arg>
<doc>Simulates the user pressing key(s) to an element or on the active browser.</doc>
<msg timestamp="20211217 01:39:59.255" level="INFO">Sending key(s) ('CTRL+ALL', 'DELETE') to //*[@name="token_name"] element.</msg>
<msg timestamp="20211217 01:39:59.523" level="INFO">Pressing special key CONTROL down.</msg>
<msg timestamp="20211217 01:39:59.523" level="INFO">Sending keys ALL</msg>
<msg timestamp="20211217 01:39:59.523" level="INFO">Releasing special key CONTROL.</msg>
<msg timestamp="20211217 01:39:59.534" level="INFO">Pressing special key DELETE to element.</msg>
<msg timestamp="20211217 01:39:59.534" level="INFO">Releasing special key DELETE.</msg>
<status status="PASS" starttime="20211217 01:39:59.255" endtime="20211217 01:39:59.541"/>
</kw>
<kw name="Input Text" library="SeleniumLibrary">
<arg>//*[@name="token_name"]</arg>
<arg>Hi this is</arg>
<arg>True</arg>
<doc>Types the given ``text`` into the text field identified by ``locator``.</doc>
<msg timestamp="20211217 01:39:59.542" level="INFO">Typing text 'Hi this is' into text field '//*[@name="token_name"]'.</msg>
<status status="PASS" starttime="20211217 01:39:59.541" endtime="20211217 01:39:59.598"/>
</kw>
<kw name="Element Should Be Enabled" library="SeleniumLibrary">
<arg>//*[@class="dc-btn dc-btn__effect dc-btn--primary dc-btn__large da-api-token__button"]</arg>
<doc>Verifies that element identified by ``locator`` is enabled.</doc>
<status status="PASS" starttime="20211217 01:39:59.599" endtime="20211217 01:39:59.612"/>
</kw>
<status status="PASS" starttime="20211217 01:39:56.931" endtime="20211217 01:39:59.612"/>
</kw>
<status status="PASS" starttime="20211217 01:39:37.633" endtime="20211217 01:39:59.613"/>
</test>
<test id="s1-t2" name="Create Token">
<kw name="Create" library="common">
<kw name="Click Element" library="SeleniumLibrary">
<arg>//*[@class="dc-btn dc-btn__effect dc-btn--primary dc-btn__large da-api-token__button"]</arg>
<doc>Click the element identified by ``locator``.</doc>
<msg timestamp="20211217 01:39:59.614" level="INFO">Clicking element '//*[@class="dc-btn dc-btn__effect dc-btn--primary dc-btn__large da-api-token__button"]'.</msg>
<status status="PASS" starttime="20211217 01:39:59.614" endtime="20211217 01:39:59.670"/>
</kw>
<status status="PASS" starttime="20211217 01:39:59.613" endtime="20211217 01:39:59.670"/>
</kw>
<status status="PASS" starttime="20211217 01:39:59.613" endtime="20211217 01:39:59.670"/>
</test>
<test id="s1-t3" name="Copy element check">
<kw name="Copy" library="common">
<kw name="Wait Until Page Contains Element" library="SeleniumLibrary">
<arg>//*[@class="dc-icon dc-clipboard da-api-token__clipboard"]</arg>
<doc>Waits until the element ``locator`` appears on the current page.</doc>
<status status="PASS" starttime="20211217 01:39:59.671" endtime="20211217 01:40:00.108"/>
</kw>
<kw name="Element Should Be Enabled" library="SeleniumLibrary">
<arg>//*[@class="dc-icon dc-clipboard da-api-token__clipboard"]</arg>
<doc>Verifies that element identified by ``locator`` is enabled.</doc>
<status status="PASS" starttime="20211217 01:40:00.108" endtime="20211217 01:40:00.127"/>
</kw>
<kw name="Click Element" library="SeleniumLibrary">
<arg>//*[@class="dc-icon dc-clipboard da-api-token__clipboard"]</arg>
<doc>Click the element identified by ``locator``.</doc>
<msg timestamp="20211217 01:40:00.127" level="INFO">Clicking element '//*[@class="dc-icon dc-clipboard da-api-token__clipboard"]'.</msg>
<status status="PASS" starttime="20211217 01:40:00.127" endtime="20211217 01:40:00.170"/>
</kw>
<status status="PASS" starttime="20211217 01:39:59.670" endtime="20211217 01:40:00.170"/>
</kw>
<status status="PASS" starttime="20211217 01:39:59.670" endtime="20211217 01:40:00.170"/>
</test>
<test id="s1-t4" name="Delete button">
<kw name="Delete" library="common">
<kw name="Element Should Be Enabled" library="SeleniumLibrary">
<arg>//*[@class="dc-btn dc-btn--secondary dc-btn__small"]</arg>
<doc>Verifies that element identified by ``locator`` is enabled.</doc>
<status status="PASS" starttime="20211217 01:40:00.171" endtime="20211217 01:40:00.195"/>
</kw>
<kw name="Click Element" library="SeleniumLibrary">
<arg>//*[@class="dc-btn dc-btn--secondary dc-btn__small"]</arg>
<doc>Click the element identified by ``locator``.</doc>
<msg timestamp="20211217 01:40:00.196" level="INFO">Clicking element '//*[@class="dc-btn dc-btn--secondary dc-btn__small"]'.</msg>
<status status="PASS" starttime="20211217 01:40:00.195" endtime="20211217 01:40:00.236"/>
</kw>
<status status="PASS" starttime="20211217 01:40:00.171" endtime="20211217 01:40:00.236"/>
</kw>
<kw name="No" library="common">
<kw name="Wait Until Page Contains Element" library="SeleniumLibrary">
<arg>//*[text()="No" and contains (@class, "dc-text dc-btn__text")]//parent::button</arg>
<doc>Waits until the element ``locator`` appears on the current page.</doc>
<status status="PASS" starttime="20211217 01:40:00.236" endtime="20211217 01:40:00.245"/>
</kw>
<kw name="Click Element" library="SeleniumLibrary">
<arg>//*[text()="No" and contains (@class, "dc-text dc-btn__text")]//parent::button</arg>
<doc>Click the element identified by ``locator``.</doc>
<msg timestamp="20211217 01:40:00.246" level="INFO">Clicking element '//*[text()="No" and contains (@class, "dc-text dc-btn__text")]//parent::button'.</msg>
<status status="PASS" starttime="20211217 01:40:00.245" endtime="20211217 01:40:00.296"/>
</kw>
<status status="PASS" starttime="20211217 01:40:00.236" endtime="20211217 01:40:00.296"/>
</kw>
<kw name="Delete" library="common">
<kw name="Element Should Be Enabled" library="SeleniumLibrary">
<arg>//*[@class="dc-btn dc-btn--secondary dc-btn__small"]</arg>
<doc>Verifies that element identified by ``locator`` is enabled.</doc>
<status status="PASS" starttime="20211217 01:40:00.297" endtime="20211217 01:40:00.335"/>
</kw>
<kw name="Click Element" library="SeleniumLibrary">
<arg>//*[@class="dc-btn dc-btn--secondary dc-btn__small"]</arg>
<doc>Click the element identified by ``locator``.</doc>
<msg timestamp="20211217 01:40:00.336" level="INFO">Clicking element '//*[@class="dc-btn dc-btn--secondary dc-btn__small"]'.</msg>
<status status="PASS" starttime="20211217 01:40:00.335" endtime="20211217 01:40:00.371"/>
</kw>
<status status="PASS" starttime="20211217 01:40:00.297" endtime="20211217 01:40:00.372"/>
</kw>
<kw name="Yes" library="common">
<kw name="Wait Until Page Contains Element" library="SeleniumLibrary">
<arg>//*[text()="Yes" and contains (@class, "dc-text dc-btn__text")]//parent::button</arg>
<doc>Waits until the element ``locator`` appears on the current page.</doc>
<status status="PASS" starttime="20211217 01:40:00.372" endtime="20211217 01:40:00.380"/>
</kw>
<kw name="Click Element" library="SeleniumLibrary">
<arg>//*[text()="Yes" and contains (@class, "dc-text dc-btn__text")]//parent::button</arg>
<doc>Click the element identified by ``locator``.</doc>
<msg timestamp="20211217 01:40:00.381" level="INFO">Clicking element '//*[text()="Yes" and contains (@class, "dc-text dc-btn__text")]//parent::button'.</msg>
<status status="PASS" starttime="20211217 01:40:00.380" endtime="20211217 01:40:00.420"/>
</kw>
<status status="PASS" starttime="20211217 01:40:00.372" endtime="20211217 01:40:00.420"/>
</kw>
<status status="PASS" starttime="20211217 01:40:00.170" endtime="20211217 01:40:00.420"/>
</test>
<status status="PASS" starttime="20211217 01:39:37.551" endtime="20211217 01:40:00.421"/>
</suite>
<statistics>
<total>
<stat pass="4" fail="0" skip="0">All Tests</stat>
</total>
<tag>
</tag>
<suite>
<stat pass="4" fail="0" skip="0" id="s1" name="Test">Test</stat>
</suite>
</statistics>
<errors>
</errors>
</robot>
