<?xml version="1.0" encoding="UTF-8"?>
<robot generator="Robot 4.1.2 (Python 3.8.10 on linux)" generated="20211215 01:10:15.273" rpa="false" schemaversion="2">
<suite id="s1" name="Test" source="/home/meng/PycharmProjects/QA_API_Token/test.robot">
<test id="s1-t1" name="Open Browser">
<kw name="Login" library="common">
<arg>${my_email}</arg>
<arg>${my_pw}</arg>
<kw name="Open Browser" library="SeleniumLibrary">
<arg>url=https://app.deriv.com</arg>
<arg>browser=chrome</arg>
<doc>Opens a new browser instance to the optional ``url``.</doc>
<msg timestamp="20211215 01:10:15.432" level="INFO">Opening browser 'chrome' to base url 'https://app.deriv.com'.</msg>
<status status="PASS" starttime="20211215 01:10:15.432" endtime="20211215 01:10:24.933"/>
</kw>
<kw name="Set Window Size" library="SeleniumLibrary">
<arg>1920</arg>
<arg>1080</arg>
<doc>Sets current windows size to given ``width`` and ``height``.</doc>
<status status="PASS" starttime="20211215 01:10:24.933" endtime="20211215 01:10:25.055"/>
</kw>
<kw name="Wait Until Page Contains Element" library="SeleniumLibrary">
<arg>${login_btn}</arg>
<arg>60</arg>
<doc>Waits until the element ``locator`` appears on the current page.</doc>
<status status="PASS" starttime="20211215 01:10:25.055" endtime="20211215 01:10:25.096"/>
</kw>
<kw name="Click Element" library="SeleniumLibrary">
<arg>${login_btn}</arg>
<doc>Click the element identified by ``locator``.</doc>
<msg timestamp="20211215 01:10:25.097" level="INFO">Clicking element 'dt_login_button'.</msg>
<status status="PASS" starttime="20211215 01:10:25.096" endtime="20211215 01:10:25.151"/>
</kw>
<kw name="Wait Until Page Contains Element" library="SeleniumLibrary">
<arg>${email_field}</arg>
<arg>15</arg>
<doc>Waits until the element ``locator`` appears on the current page.</doc>
<status status="PASS" starttime="20211215 01:10:25.151" endtime="20211215 01:10:27.366"/>
</kw>
<kw name="Input Text" library="SeleniumLibrary">
<arg>${email_field}</arg>
<arg>${email}</arg>
<doc>Types the given ``text`` into the text field identified by ``locator``.</doc>
<msg timestamp="20211215 01:10:27.366" level="INFO">Typing text 'meng@besquare.com.my' into text field 'name=email'.</msg>
<status status="PASS" starttime="20211215 01:10:27.366" endtime="20211215 01:10:27.415"/>
</kw>
<kw name="Input Text" library="SeleniumLibrary">
<arg>${pw_field}</arg>
<arg>${pw}</arg>
<doc>Types the given ``text`` into the text field identified by ``locator``.</doc>
<msg timestamp="20211215 01:10:27.415" level="INFO">Typing text 'Bencheong98' into text field '//*[@type="password"]'.</msg>
<status status="PASS" starttime="20211215 01:10:27.415" endtime="20211215 01:10:27.465"/>
</kw>
<kw name="Click Element" library="SeleniumLibrary">
<arg>${login_oauth_btn}</arg>
<doc>Click the element identified by ``locator``.</doc>
<msg timestamp="20211215 01:10:27.465" level="INFO">Clicking element '//*[text()="Log in"]'.</msg>
<status status="PASS" starttime="20211215 01:10:27.465" endtime="20211215 01:10:29.067"/>
</kw>
<status status="PASS" starttime="20211215 01:10:15.431" endtime="20211215 01:10:29.067"/>
</kw>
<kw name="Setting Page" library="common">
<kw name="Wait Until Page Does Not Contain Element" library="SeleniumLibrary">
<arg>${header_preloader}</arg>
<arg>60</arg>
<doc>Waits until the element ``locator`` disappears from the current page.</doc>
<status status="PASS" starttime="20211215 01:10:29.067" endtime="20211215 01:10:31.769"/>
</kw>
<kw name="Click Element" library="SeleniumLibrary">
<arg>//*[@class="account-settings-toggle"]</arg>
<doc>Click the element identified by ``locator``.</doc>
<msg timestamp="20211215 01:10:31.769" level="INFO">Clicking element '//*[@class="account-settings-toggle"]'.</msg>
<status status="PASS" starttime="20211215 01:10:31.769" endtime="20211215 01:10:31.859"/>
</kw>
<kw name="Wait Until Page Contains Element" library="SeleniumLibrary">
<arg>//*[@class="dc-vertical-tab__tab dc-vertical-tab__tab--floating"]</arg>
<arg>60</arg>
<doc>Waits until the element ``locator`` appears on the current page.</doc>
<status status="PASS" starttime="20211215 01:10:31.859" endtime="20211215 01:10:32.655"/>
</kw>
<kw name="Click Element" library="SeleniumLibrary">
<arg>dc_api-token_link</arg>
<doc>Click the element identified by ``locator``.</doc>
<msg timestamp="20211215 01:10:32.656" level="INFO">Clicking element 'dc_api-token_link'.</msg>
<status status="PASS" starttime="20211215 01:10:32.655" endtime="20211215 01:10:32.739"/>
</kw>
<status status="PASS" starttime="20211215 01:10:29.067" endtime="20211215 01:10:32.739"/>
</kw>
<kw name="Select Scope" library="common">
<kw name="Wait Until Page Does Not Contain Element" library="SeleniumLibrary">
<arg>//*[@class="initial-loader account__initial-loader"]</arg>
<arg>60</arg>
<doc>Waits until the element ``locator`` disappears from the current page.</doc>
<status status="PASS" starttime="20211215 01:10:32.740" endtime="20211215 01:10:33.398"/>
</kw>
<kw name="Click Element" library="SeleniumLibrary">
<arg>${read_parent}</arg>
<doc>Click the element identified by ``locator``.</doc>
<msg timestamp="20211215 01:10:33.398" level="INFO">Clicking element '//*[@name="read" and contains(@class, "dc-checkbox__input")]//parent::label'.</msg>
<status status="PASS" starttime="20211215 01:10:33.398" endtime="20211215 01:10:33.444"/>
</kw>
<kw name="Checkbox Should Be Selected" library="SeleniumLibrary">
<arg>${read}</arg>
<doc>Verifies checkbox ``locator`` is selected/checked.</doc>
<msg timestamp="20211215 01:10:33.444" level="INFO">Verifying checkbox '//*[@name="read" and contains(@class, "dc-checkbox__input")]' is selected.</msg>
<status status="PASS" starttime="20211215 01:10:33.444" endtime="20211215 01:10:33.476"/>
</kw>
<kw name="Click Element" library="SeleniumLibrary">
<arg>${trade_parent}</arg>
<doc>Click the element identified by ``locator``.</doc>
<msg timestamp="20211215 01:10:33.477" level="INFO">Clicking element '//*[@name="trade" and contains(@class, "dc-checkbox__input")]//parent::label'.</msg>
<status status="PASS" starttime="20211215 01:10:33.476" endtime="20211215 01:10:33.524"/>
</kw>
<kw name="Checkbox Should Be Selected" library="SeleniumLibrary">
<arg>${trade}</arg>
<doc>Verifies checkbox ``locator`` is selected/checked.</doc>
<msg timestamp="20211215 01:10:33.524" level="INFO">Verifying checkbox '//*[@name="trade" and contains(@class, "dc-checkbox__input")]' is selected.</msg>
<status status="PASS" starttime="20211215 01:10:33.524" endtime="20211215 01:10:33.555"/>
</kw>
<kw name="Click Element" library="SeleniumLibrary">
<arg>${payments_parent}</arg>
<doc>Click the element identified by ``locator``.</doc>
<msg timestamp="20211215 01:10:33.555" level="INFO">Clicking element '//*[@name="payments" and contains(@class, "dc-checkbox__input")]//parent::label'.</msg>
<status status="PASS" starttime="20211215 01:10:33.555" endtime="20211215 01:10:33.594"/>
</kw>
<kw name="Checkbox Should Be Selected" library="SeleniumLibrary">
<arg>${payments}</arg>
<doc>Verifies checkbox ``locator`` is selected/checked.</doc>
<msg timestamp="20211215 01:10:33.594" level="INFO">Verifying checkbox '//*[@name="payments" and contains(@class, "dc-checkbox__input")]' is selected.</msg>
<status status="PASS" starttime="20211215 01:10:33.594" endtime="20211215 01:10:33.622"/>
</kw>
<kw name="Click Element" library="SeleniumLibrary">
<arg>${admin_parent}</arg>
<doc>Click the element identified by ``locator``.</doc>
<msg timestamp="20211215 01:10:33.623" level="INFO">Clicking element '//*[@name="admin" and contains(@class, "dc-checkbox__input")]//parent::label'.</msg>
<status status="PASS" starttime="20211215 01:10:33.622" endtime="20211215 01:10:33.666"/>
</kw>
<kw name="Checkbox Should Be Selected" library="SeleniumLibrary">
<arg>${admin}</arg>
<doc>Verifies checkbox ``locator`` is selected/checked.</doc>
<msg timestamp="20211215 01:10:33.667" level="INFO">Verifying checkbox '//*[@name="admin" and contains(@class, "dc-checkbox__input")]' is selected.</msg>
<status status="PASS" starttime="20211215 01:10:33.666" endtime="20211215 01:10:33.694"/>
</kw>
<kw name="Click Element" library="SeleniumLibrary">
<arg>${trading_information_parent}</arg>
<doc>Click the element identified by ``locator``.</doc>
<msg timestamp="20211215 01:10:33.695" level="INFO">Clicking element '//*[@name="trading_information" and contains(@class, "dc-checkbox__input")]//parent::label'.</msg>
<status status="PASS" starttime="20211215 01:10:33.694" endtime="20211215 01:10:33.743"/>
</kw>
<kw name="Checkbox Should Be Selected" library="SeleniumLibrary">
<arg>${trading_information}</arg>
<doc>Verifies checkbox ``locator`` is selected/checked.</doc>
<msg timestamp="20211215 01:10:33.743" level="INFO">Verifying checkbox '//*[@name="trading_information" and contains(@class, "dc-checkbox__input")]' is selected.</msg>
<status status="PASS" starttime="20211215 01:10:33.743" endtime="20211215 01:10:33.772"/>
</kw>
<kw name="Click Element" library="SeleniumLibrary">
<arg>${read_parent}</arg>
<doc>Click the element identified by ``locator``.</doc>
<msg timestamp="20211215 01:10:33.772" level="INFO">Clicking element '//*[@name="read" and contains(@class, "dc-checkbox__input")]//parent::label'.</msg>
<status status="PASS" starttime="20211215 01:10:33.772" endtime="20211215 01:10:33.805"/>
</kw>
<kw name="Checkbox Should Not Be Selected" library="SeleniumLibrary">
<arg>${read}</arg>
<doc>Verifies checkbox ``locator`` is not selected/checked.</doc>
<msg timestamp="20211215 01:10:33.806" level="INFO">Verifying checkbox '//*[@name="read" and contains(@class, "dc-checkbox__input")]' is not selected.</msg>
<status status="PASS" starttime="20211215 01:10:33.806" endtime="20211215 01:10:33.825"/>
</kw>
<kw name="Click Element" library="SeleniumLibrary">
<arg>${trade_parent}</arg>
<doc>Click the element identified by ``locator``.</doc>
<msg timestamp="20211215 01:10:33.825" level="INFO">Clicking element '//*[@name="trade" and contains(@class, "dc-checkbox__input")]//parent::label'.</msg>
<status status="PASS" starttime="20211215 01:10:33.825" endtime="20211215 01:10:33.854"/>
</kw>
<kw name="Checkbox Should Not Be Selected" library="SeleniumLibrary">
<arg>${trade}</arg>
<doc>Verifies checkbox ``locator`` is not selected/checked.</doc>
<msg timestamp="20211215 01:10:33.854" level="INFO">Verifying checkbox '//*[@name="trade" and contains(@class, "dc-checkbox__input")]' is not selected.</msg>
<status status="PASS" starttime="20211215 01:10:33.854" endtime="20211215 01:10:33.872"/>
</kw>
<kw name="Click Element" library="SeleniumLibrary">
<arg>${payments_parent}</arg>
<doc>Click the element identified by ``locator``.</doc>
<msg timestamp="20211215 01:10:33.872" level="INFO">Clicking element '//*[@name="payments" and contains(@class, "dc-checkbox__input")]//parent::label'.</msg>
<status status="PASS" starttime="20211215 01:10:33.872" endtime="20211215 01:10:33.904"/>
</kw>
<kw name="Checkbox Should Not Be Selected" library="SeleniumLibrary">
<arg>${payments}</arg>
<doc>Verifies checkbox ``locator`` is not selected/checked.</doc>
<msg timestamp="20211215 01:10:33.905" level="INFO">Verifying checkbox '//*[@name="payments" and contains(@class, "dc-checkbox__input")]' is not selected.</msg>
<status status="PASS" starttime="20211215 01:10:33.904" endtime="20211215 01:10:33.921"/>
</kw>
<kw name="Click Element" library="SeleniumLibrary">
<arg>${admin_parent}</arg>
<doc>Click the element identified by ``locator``.</doc>
<msg timestamp="20211215 01:10:33.922" level="INFO">Clicking element '//*[@name="admin" and contains(@class, "dc-checkbox__input")]//parent::label'.</msg>
<status status="PASS" starttime="20211215 01:10:33.921" endtime="20211215 01:10:33.946"/>
</kw>
<kw name="Checkbox Should Not Be Selected" library="SeleniumLibrary">
<arg>${admin}</arg>
<doc>Verifies checkbox ``locator`` is not selected/checked.</doc>
<msg timestamp="20211215 01:10:33.946" level="INFO">Verifying checkbox '//*[@name="admin" and contains(@class, "dc-checkbox__input")]' is not selected.</msg>
<status status="PASS" starttime="20211215 01:10:33.946" endtime="20211215 01:10:33.962"/>
</kw>
<kw name="Click Element" library="SeleniumLibrary">
<arg>${trading_information_parent}</arg>
<doc>Click the element identified by ``locator``.</doc>
<msg timestamp="20211215 01:10:33.963" level="INFO">Clicking element '//*[@name="trading_information" and contains(@class, "dc-checkbox__input")]//parent::label'.</msg>
<status status="PASS" starttime="20211215 01:10:33.962" endtime="20211215 01:10:33.997"/>
</kw>
<kw name="Checkbox Should Not Be Selected" library="SeleniumLibrary">
<arg>${trading_information}</arg>
<doc>Verifies checkbox ``locator`` is not selected/checked.</doc>
<msg timestamp="20211215 01:10:33.998" level="INFO">Verifying checkbox '//*[@name="trading_information" and contains(@class, "dc-checkbox__input")]' is not selected.</msg>
<status status="PASS" starttime="20211215 01:10:33.997" endtime="20211215 01:10:34.015"/>
</kw>
<status status="PASS" starttime="20211215 01:10:32.739" endtime="20211215 01:10:34.015"/>
</kw>
<kw name="Input Name" library="common">
<kw name="Click Element" library="SeleniumLibrary">
<arg>//*[@class="dc-input da-api-token__input"]</arg>
<doc>Click the element identified by ``locator``.</doc>
<msg timestamp="20211215 01:10:34.015" level="INFO">Clicking element '//*[@class="dc-input da-api-token__input"]'.</msg>
<status status="PASS" starttime="20211215 01:10:34.015" endtime="20211215 01:10:34.058"/>
</kw>
<kw name="Input Text" library="SeleniumLibrary">
<arg>//*[@name="token_name"]</arg>
<arg>H</arg>
<arg>True</arg>
<doc>Types the given ``text`` into the text field identified by ``locator``.</doc>
<msg timestamp="20211215 01:10:34.058" level="INFO">Typing text 'H' into text field '//*[@name="token_name"]'.</msg>
<status status="PASS" starttime="20211215 01:10:34.058" endtime="20211215 01:10:34.127"/>
</kw>
<kw name="Wait Until Page Contains Element" library="SeleniumLibrary">
<arg>//*[text()="Length of token name must be between 2 and 32 characters." and contains(@class, "dc-field dc-field--error")]</arg>
<arg>15</arg>
<doc>Waits until the element ``locator`` appears on the current page.</doc>
<status status="PASS" starttime="20211215 01:10:34.127" endtime="20211215 01:10:34.139"/>
</kw>
<kw name="Element Should Be Disabled" library="SeleniumLibrary">
<arg>//*[@class="dc-btn dc-btn__effect dc-btn--primary dc-btn__large da-api-token__button"]</arg>
<doc>Verifies that element identified by ``locator`` is disabled.</doc>
<status status="PASS" starttime="20211215 01:10:34.139" endtime="20211215 01:10:34.156"/>
</kw>
<kw name="Press Keys" library="SeleniumLibrary">
<arg>//*[@name="token_name"]</arg>
<arg>CTRL+ALL</arg>
<arg>DELETE</arg>
<doc>Simulates the user pressing key(s) to an element or on the active browser.</doc>
<msg timestamp="20211215 01:10:34.157" level="INFO">Sending key(s) ('CTRL+ALL', 'DELETE') to //*[@name="token_name"] element.</msg>
<msg timestamp="20211215 01:10:34.441" level="INFO">Pressing special key CONTROL down.</msg>
<msg timestamp="20211215 01:10:34.441" level="INFO">Sending keys ALL</msg>
<msg timestamp="20211215 01:10:34.441" level="INFO">Releasing special key CONTROL.</msg>
<msg timestamp="20211215 01:10:34.457" level="INFO">Pressing special key DELETE to element.</msg>
<msg timestamp="20211215 01:10:34.457" level="INFO">Releasing special key DELETE.</msg>
<status status="PASS" starttime="20211215 01:10:34.156" endtime="20211215 01:10:34.474"/>
</kw>
<kw name="Input Text" library="SeleniumLibrary">
<arg>//*[@name="token_name"]</arg>
<arg>1234567890qwertyuiopasdfghjklzxcv</arg>
<arg>True</arg>
<doc>Types the given ``text`` into the text field identified by ``locator``.</doc>
<msg timestamp="20211215 01:10:34.474" level="INFO">Typing text '1234567890qwertyuiopasdfghjklzxcv' into text field '//*[@name="token_name"]'.</msg>
<status status="PASS" starttime="20211215 01:10:34.474" endtime="20211215 01:10:34.690"/>
</kw>
<kw name="Wait Until Page Contains Element" library="SeleniumLibrary">
<arg>//*[text()="Maximum 32 characters." and contains(@class, "dc-field dc-field--error")]</arg>
<arg>15</arg>
<doc>Waits until the element ``locator`` appears on the current page.</doc>
<status status="PASS" starttime="20211215 01:10:34.690" endtime="20211215 01:10:34.698"/>
</kw>
<kw name="Element Should Be Disabled" library="SeleniumLibrary">
<arg>//*[@class="dc-btn dc-btn__effect dc-btn--primary dc-btn__large da-api-token__button"]</arg>
<doc>Verifies that element identified by ``locator`` is disabled.</doc>
<status status="PASS" starttime="20211215 01:10:34.698" endtime="20211215 01:10:34.705"/>
</kw>
<kw name="Press Keys" library="SeleniumLibrary">
<arg>//*[@name="token_name"]</arg>
<arg>CTRL+ALL</arg>
<arg>DELETE</arg>
<doc>Simulates the user pressing key(s) to an element or on the active browser.</doc>
<msg timestamp="20211215 01:10:34.706" level="INFO">Sending key(s) ('CTRL+ALL', 'DELETE') to //*[@name="token_name"] element.</msg>
<msg timestamp="20211215 01:10:34.971" level="INFO">Pressing special key CONTROL down.</msg>
<msg timestamp="20211215 01:10:34.971" level="INFO">Sending keys ALL</msg>
<msg timestamp="20211215 01:10:34.971" level="INFO">Releasing special key CONTROL.</msg>
<msg timestamp="20211215 01:10:34.992" level="INFO">Pressing special key DELETE to element.</msg>
<msg timestamp="20211215 01:10:34.992" level="INFO">Releasing special key DELETE.</msg>
<status status="PASS" starttime="20211215 01:10:34.706" endtime="20211215 01:10:35.005"/>
</kw>
<kw name="Input Text" library="SeleniumLibrary">
<arg>//*[@name="token_name"]</arg>
<arg>!@</arg>
<arg>True</arg>
<doc>Types the given ``text`` into the text field identified by ``locator``.</doc>
<msg timestamp="20211215 01:10:35.005" level="INFO">Typing text '!@' into text field '//*[@name="token_name"]'.</msg>
<status status="PASS" starttime="20211215 01:10:35.005" endtime="20211215 01:10:35.045"/>
</kw>
<kw name="Wait Until Page Contains Element" library="SeleniumLibrary">
<arg>//*[text()="Only letters, numbers, and underscores are allowed." and contains(@class, "dc-field dc-field--error")]</arg>
<arg>15</arg>
<doc>Waits until the element ``locator`` appears on the current page.</doc>
<status status="PASS" starttime="20211215 01:10:35.045" endtime="20211215 01:10:35.055"/>
</kw>
<kw name="Element Should Be Disabled" library="SeleniumLibrary">
<arg>//*[@class="dc-btn dc-btn__effect dc-btn--primary dc-btn__large da-api-token__button"]</arg>
<doc>Verifies that element identified by ``locator`` is disabled.</doc>
<status status="PASS" starttime="20211215 01:10:35.055" endtime="20211215 01:10:35.062"/>
</kw>
<kw name="Press Keys" library="SeleniumLibrary">
<arg>//*[@name="token_name"]</arg>
<arg>CTRL+ALL</arg>
<arg>DELETE</arg>
<doc>Simulates the user pressing key(s) to an element or on the active browser.</doc>
<msg timestamp="20211215 01:10:35.063" level="INFO">Sending key(s) ('CTRL+ALL', 'DELETE') to //*[@name="token_name"] element.</msg>
<msg timestamp="20211215 01:10:35.338" level="INFO">Pressing special key CONTROL down.</msg>
<msg timestamp="20211215 01:10:35.338" level="INFO">Sending keys ALL</msg>
<msg timestamp="20211215 01:10:35.338" level="INFO">Releasing special key CONTROL.</msg>
<msg timestamp="20211215 01:10:35.351" level="INFO">Pressing special key DELETE to element.</msg>
<msg timestamp="20211215 01:10:35.352" level="INFO">Releasing special key DELETE.</msg>
<status status="PASS" starttime="20211215 01:10:35.062" endtime="20211215 01:10:35.363"/>
</kw>
<kw name="Wait Until Page Contains Element" library="SeleniumLibrary">
<arg>//*[text()="Please enter a token name." and contains(@class, "dc-field dc-field--error")]</arg>
<arg>15</arg>
<doc>Waits until the element ``locator`` appears on the current page.</doc>
<status status="PASS" starttime="20211215 01:10:35.364" endtime="20211215 01:10:35.373"/>
</kw>
<kw name="Element Should Be Disabled" library="SeleniumLibrary">
<arg>//*[@class="dc-btn dc-btn__effect dc-btn--primary dc-btn__large da-api-token__button"]</arg>
<doc>Verifies that element identified by ``locator`` is disabled.</doc>
<status status="PASS" starttime="20211215 01:10:35.373" endtime="20211215 01:10:35.381"/>
</kw>
<kw name="Press Keys" library="SeleniumLibrary">
<arg>//*[@name="token_name"]</arg>
<arg>CTRL+ALL</arg>
<arg>DELETE</arg>
<doc>Simulates the user pressing key(s) to an element or on the active browser.</doc>
<msg timestamp="20211215 01:10:35.382" level="INFO">Sending key(s) ('CTRL+ALL', 'DELETE') to //*[@name="token_name"] element.</msg>
<msg timestamp="20211215 01:10:35.656" level="INFO">Pressing special key CONTROL down.</msg>
<msg timestamp="20211215 01:10:35.656" level="INFO">Sending keys ALL</msg>
<msg timestamp="20211215 01:10:35.656" level="INFO">Releasing special key CONTROL.</msg>
<msg timestamp="20211215 01:10:35.668" level="INFO">Pressing special key DELETE to element.</msg>
<msg timestamp="20211215 01:10:35.668" level="INFO">Releasing special key DELETE.</msg>
<status status="PASS" starttime="20211215 01:10:35.381" endtime="20211215 01:10:35.671"/>
</kw>
<kw name="Input Text" library="SeleniumLibrary">
<arg>//*[@name="token_name"]</arg>
<arg>Hi this is</arg>
<arg>True</arg>
<doc>Types the given ``text`` into the text field identified by ``locator``.</doc>
<msg timestamp="20211215 01:10:35.671" level="INFO">Typing text 'Hi this is' into text field '//*[@name="token_name"]'.</msg>
<status status="PASS" starttime="20211215 01:10:35.671" endtime="20211215 01:10:35.756"/>
</kw>
<kw name="Element Should Be Disabled" library="SeleniumLibrary">
<arg>//*[@class="dc-btn dc-btn__effect dc-btn--primary dc-btn__large da-api-token__button"]</arg>
<doc>Verifies that element identified by ``locator`` is disabled.</doc>
<status status="PASS" starttime="20211215 01:10:35.756" endtime="20211215 01:10:35.767"/>
</kw>
<kw name="Press Keys" library="SeleniumLibrary">
<arg>//*[@name="token_name"]</arg>
<arg>CTRL+ALL</arg>
<arg>DELETE</arg>
<doc>Simulates the user pressing key(s) to an element or on the active browser.</doc>
<msg timestamp="20211215 01:10:35.768" level="INFO">Sending key(s) ('CTRL+ALL', 'DELETE') to //*[@name="token_name"] element.</msg>
<msg timestamp="20211215 01:10:36.037" level="INFO">Pressing special key CONTROL down.</msg>
<msg timestamp="20211215 01:10:36.037" level="INFO">Sending keys ALL</msg>
<msg timestamp="20211215 01:10:36.038" level="INFO">Releasing special key CONTROL.</msg>
<msg timestamp="20211215 01:10:36.049" level="INFO">Pressing special key DELETE to element.</msg>
<msg timestamp="20211215 01:10:36.049" level="INFO">Releasing special key DELETE.</msg>
<status status="PASS" starttime="20211215 01:10:35.767" endtime="20211215 01:10:36.063"/>
</kw>
<kw name="Input Text" library="SeleniumLibrary">
<arg>//*[@name="token_name"]</arg>
<arg>_Hi_this_is</arg>
<arg>True</arg>
<doc>Types the given ``text`` into the text field identified by ``locator``.</doc>
<msg timestamp="20211215 01:10:36.064" level="INFO">Typing text '_Hi_this_is' into text field '//*[@name="token_name"]'.</msg>
<status status="PASS" starttime="20211215 01:10:36.064" endtime="20211215 01:10:36.161"/>
</kw>
<kw name="Element Should Be Disabled" library="SeleniumLibrary">
<arg>//*[@class="dc-btn dc-btn__effect dc-btn--primary dc-btn__large da-api-token__button"]</arg>
<doc>Verifies that element identified by ``locator`` is disabled.</doc>
<status status="PASS" starttime="20211215 01:10:36.161" endtime="20211215 01:10:36.170"/>
</kw>
<status status="PASS" starttime="20211215 01:10:34.015" endtime="20211215 01:10:36.170"/>
</kw>
<kw name="Token Creation" library="common">
<kw name="Click Element" library="SeleniumLibrary">
<arg>${read_parent}</arg>
<doc>Click the element identified by ``locator``.</doc>
<msg timestamp="20211215 01:10:36.170" level="INFO">Clicking element '//*[@name="read" and contains(@class, "dc-checkbox__input")]//parent::label'.</msg>
<status status="PASS" starttime="20211215 01:10:36.170" endtime="20211215 01:10:36.207"/>
</kw>
<kw name="Checkbox Should Be Selected" library="SeleniumLibrary">
<arg>${read}</arg>
<doc>Verifies checkbox ``locator`` is selected/checked.</doc>
<msg timestamp="20211215 01:10:36.207" level="INFO">Verifying checkbox '//*[@name="read" and contains(@class, "dc-checkbox__input")]' is selected.</msg>
<status status="PASS" starttime="20211215 01:10:36.207" endtime="20211215 01:10:36.227"/>
</kw>
<kw name="Press Keys" library="SeleniumLibrary">
<arg>//*[@name="token_name"]</arg>
<arg>CTRL+ALL</arg>
<arg>DELETE</arg>
<doc>Simulates the user pressing key(s) to an element or on the active browser.</doc>
<msg timestamp="20211215 01:10:36.228" level="INFO">Sending key(s) ('CTRL+ALL', 'DELETE') to //*[@name="token_name"] element.</msg>
<msg timestamp="20211215 01:10:36.508" level="INFO">Pressing special key CONTROL down.</msg>
<msg timestamp="20211215 01:10:36.508" level="INFO">Sending keys ALL</msg>
<msg timestamp="20211215 01:10:36.508" level="INFO">Releasing special key CONTROL.</msg>
<msg timestamp="20211215 01:10:36.520" level="INFO">Pressing special key DELETE to element.</msg>
<msg timestamp="20211215 01:10:36.520" level="INFO">Releasing special key DELETE.</msg>
<status status="PASS" starttime="20211215 01:10:36.227" endtime="20211215 01:10:36.535"/>
</kw>
<kw name="Input Text" library="SeleniumLibrary">
<arg>//*[@name="token_name"]</arg>
<arg>1234567890qwertyuiopasdfghjklzxcv</arg>
<arg>True</arg>
<doc>Types the given ``text`` into the text field identified by ``locator``.</doc>
<msg timestamp="20211215 01:10:36.536" level="INFO">Typing text '1234567890qwertyuiopasdfghjklzxcv' into text field '//*[@name="token_name"]'.</msg>
<status status="PASS" starttime="20211215 01:10:36.536" endtime="20211215 01:10:36.774"/>
</kw>
<kw name="Element Should Be Disabled" library="SeleniumLibrary">
<arg>//*[@class="dc-btn dc-btn__effect dc-btn--primary dc-btn__large da-api-token__button"]</arg>
<doc>Verifies that element identified by ``locator`` is disabled.</doc>
<status status="PASS" starttime="20211215 01:10:36.774" endtime="20211215 01:10:36.785"/>
</kw>
<kw name="Checkbox Should Be Selected" library="SeleniumLibrary">
<arg>${read}</arg>
<doc>Verifies checkbox ``locator`` is selected/checked.</doc>
<msg timestamp="20211215 01:10:36.786" level="INFO">Verifying checkbox '//*[@name="read" and contains(@class, "dc-checkbox__input")]' is selected.</msg>
<status status="PASS" starttime="20211215 01:10:36.785" endtime="20211215 01:10:36.802"/>
</kw>
<kw name="Press Keys" library="SeleniumLibrary">
<arg>//*[@name="token_name"]</arg>
<arg>CTRL+ALL</arg>
<arg>DELETE</arg>
<doc>Simulates the user pressing key(s) to an element or on the active browser.</doc>
<msg timestamp="20211215 01:10:36.803" level="INFO">Sending key(s) ('CTRL+ALL', 'DELETE') to //*[@name="token_name"] element.</msg>
<msg timestamp="20211215 01:10:37.070" level="INFO">Pressing special key CONTROL down.</msg>
<msg timestamp="20211215 01:10:37.070" level="INFO">Sending keys ALL</msg>
<msg timestamp="20211215 01:10:37.070" level="INFO">Releasing special key CONTROL.</msg>
<msg timestamp="20211215 01:10:37.085" level="INFO">Pressing special key DELETE to element.</msg>
<msg timestamp="20211215 01:10:37.085" level="INFO">Releasing special key DELETE.</msg>
<status status="PASS" starttime="20211215 01:10:36.803" endtime="20211215 01:10:37.103"/>
</kw>
<kw name="Input Text" library="SeleniumLibrary">
<arg>//*[@name="token_name"]</arg>
<arg>Hi this is</arg>
<arg>True</arg>
<doc>Types the given ``text`` into the text field identified by ``locator``.</doc>
<msg timestamp="20211215 01:10:37.104" level="INFO">Typing text 'Hi this is' into text field '//*[@name="token_name"]'.</msg>
<status status="PASS" starttime="20211215 01:10:37.103" endtime="20211215 01:10:37.188"/>
</kw>
<kw name="Element Should Be Enabled" library="SeleniumLibrary">
<arg>//*[@class="dc-btn dc-btn__effect dc-btn--primary dc-btn__large da-api-token__button"]</arg>
<doc>Verifies that element identified by ``locator`` is enabled.</doc>
<status status="PASS" starttime="20211215 01:10:37.188" endtime="20211215 01:10:37.205"/>
</kw>
<kw name="Checkbox Should Be Selected" library="SeleniumLibrary">
<arg>${read}</arg>
<doc>Verifies checkbox ``locator`` is selected/checked.</doc>
<msg timestamp="20211215 01:10:37.205" level="INFO">Verifying checkbox '//*[@name="read" and contains(@class, "dc-checkbox__input")]' is selected.</msg>
<status status="PASS" starttime="20211215 01:10:37.205" endtime="20211215 01:10:37.222"/>
</kw>
<kw name="Click Element" library="SeleniumLibrary">
<arg>${trade_parent}</arg>
<doc>Click the element identified by ``locator``.</doc>
<msg timestamp="20211215 01:10:37.222" level="INFO">Clicking element '//*[@name="trade" and contains(@class, "dc-checkbox__input")]//parent::label'.</msg>
<status status="PASS" starttime="20211215 01:10:37.222" endtime="20211215 01:10:37.255"/>
</kw>
<kw name="Checkbox Should Be Selected" library="SeleniumLibrary">
<arg>${trade}</arg>
<doc>Verifies checkbox ``locator`` is selected/checked.</doc>
<msg timestamp="20211215 01:10:37.255" level="INFO">Verifying checkbox '//*[@name="trade" and contains(@class, "dc-checkbox__input")]' is selected.</msg>
<status status="PASS" starttime="20211215 01:10:37.255" endtime="20211215 01:10:37.274"/>
</kw>
<kw name="Click Element" library="SeleniumLibrary">
<arg>${payments_parent}</arg>
<doc>Click the element identified by ``locator``.</doc>
<msg timestamp="20211215 01:10:37.274" level="INFO">Clicking element '//*[@name="payments" and contains(@class, "dc-checkbox__input")]//parent::label'.</msg>
<status status="PASS" starttime="20211215 01:10:37.274" endtime="20211215 01:10:37.304"/>
</kw>
<kw name="Checkbox Should Be Selected" library="SeleniumLibrary">
<arg>${payments}</arg>
<doc>Verifies checkbox ``locator`` is selected/checked.</doc>
<msg timestamp="20211215 01:10:37.304" level="INFO">Verifying checkbox '//*[@name="payments" and contains(@class, "dc-checkbox__input")]' is selected.</msg>
<status status="PASS" starttime="20211215 01:10:37.304" endtime="20211215 01:10:37.322"/>
</kw>
<kw name="Press Keys" library="SeleniumLibrary">
<arg>//*[@name="token_name"]</arg>
<arg>CTRL+ALL</arg>
<arg>DELETE</arg>
<doc>Simulates the user pressing key(s) to an element or on the active browser.</doc>
<msg timestamp="20211215 01:10:37.323" level="INFO">Sending key(s) ('CTRL+ALL', 'DELETE') to //*[@name="token_name"] element.</msg>
<msg timestamp="20211215 01:10:37.606" level="INFO">Pressing special key CONTROL down.</msg>
<msg timestamp="20211215 01:10:37.606" level="INFO">Sending keys ALL</msg>
<msg timestamp="20211215 01:10:37.606" level="INFO">Releasing special key CONTROL.</msg>
<msg timestamp="20211215 01:10:37.618" level="INFO">Pressing special key DELETE to element.</msg>
<msg timestamp="20211215 01:10:37.618" level="INFO">Releasing special key DELETE.</msg>
<status status="PASS" starttime="20211215 01:10:37.323" endtime="20211215 01:10:37.629"/>
</kw>
<kw name="Input Text" library="SeleniumLibrary">
<arg>//*[@name="token_name"]</arg>
<arg>H</arg>
<arg>True</arg>
<doc>Types the given ``text`` into the text field identified by ``locator``.</doc>
<msg timestamp="20211215 01:10:37.629" level="INFO">Typing text 'H' into text field '//*[@name="token_name"]'.</msg>
<status status="PASS" starttime="20211215 01:10:37.629" endtime="20211215 01:10:37.668"/>
</kw>
<kw name="Wait Until Page Contains Element" library="SeleniumLibrary">
<arg>//*[text()="Length of token name must be between 2 and 32 characters." and contains(@class, "dc-field dc-field--error")]</arg>
<arg>15</arg>
<doc>Waits until the element ``locator`` appears on the current page.</doc>
<status status="PASS" starttime="20211215 01:10:37.668" endtime="20211215 01:10:37.673"/>
</kw>
<kw name="Element Should Be Disabled" library="SeleniumLibrary">
<arg>//*[@class="dc-btn dc-btn__effect dc-btn--primary dc-btn__large da-api-token__button"]</arg>
<doc>Verifies that element identified by ``locator`` is disabled.</doc>
<status status="PASS" starttime="20211215 01:10:37.673" endtime="20211215 01:10:37.681"/>
</kw>
<kw name="Checkbox Should Be Selected" library="SeleniumLibrary">
<arg>${read}</arg>
<doc>Verifies checkbox ``locator`` is selected/checked.</doc>
<msg timestamp="20211215 01:10:37.681" level="INFO">Verifying checkbox '//*[@name="read" and contains(@class, "dc-checkbox__input")]' is selected.</msg>
<status status="PASS" starttime="20211215 01:10:37.681" endtime="20211215 01:10:37.697"/>
</kw>
<kw name="Checkbox Should Be Selected" library="SeleniumLibrary">
<arg>${trade}</arg>
<doc>Verifies checkbox ``locator`` is selected/checked.</doc>
<msg timestamp="20211215 01:10:37.697" level="INFO">Verifying checkbox '//*[@name="trade" and contains(@class, "dc-checkbox__input")]' is selected.</msg>
<status status="PASS" starttime="20211215 01:10:37.697" endtime="20211215 01:10:37.711"/>
</kw>
<kw name="Checkbox Should Be Selected" library="SeleniumLibrary">
<arg>${payments}</arg>
<doc>Verifies checkbox ``locator`` is selected/checked.</doc>
<msg timestamp="20211215 01:10:37.712" level="INFO">Verifying checkbox '//*[@name="payments" and contains(@class, "dc-checkbox__input")]' is selected.</msg>
<status status="PASS" starttime="20211215 01:10:37.711" endtime="20211215 01:10:37.725"/>
</kw>
<kw name="Press Keys" library="SeleniumLibrary">
<arg>//*[@name="token_name"]</arg>
<arg>CTRL+ALL</arg>
<arg>DELETE</arg>
<doc>Simulates the user pressing key(s) to an element or on the active browser.</doc>
<msg timestamp="20211215 01:10:37.726" level="INFO">Sending key(s) ('CTRL+ALL', 'DELETE') to //*[@name="token_name"] element.</msg>
<msg timestamp="20211215 01:10:38.003" level="INFO">Pressing special key CONTROL down.</msg>
<msg timestamp="20211215 01:10:38.003" level="INFO">Sending keys ALL</msg>
<msg timestamp="20211215 01:10:38.004" level="INFO">Releasing special key CONTROL.</msg>
<msg timestamp="20211215 01:10:38.014" level="INFO">Pressing special key DELETE to element.</msg>
<msg timestamp="20211215 01:10:38.014" level="INFO">Releasing special key DELETE.</msg>
<status status="PASS" starttime="20211215 01:10:37.725" endtime="20211215 01:10:38.024"/>
</kw>
<kw name="Input Text" library="SeleniumLibrary">
<arg>//*[@name="token_name"]</arg>
<arg>_Hi_this_is</arg>
<arg>True</arg>
<doc>Types the given ``text`` into the text field identified by ``locator``.</doc>
<msg timestamp="20211215 01:10:38.025" level="INFO">Typing text '_Hi_this_is' into text field '//*[@name="token_name"]'.</msg>
<status status="PASS" starttime="20211215 01:10:38.024" endtime="20211215 01:10:38.121"/>
</kw>
<kw name="Element Should Be Enabled" library="SeleniumLibrary">
<arg>//*[@class="dc-btn dc-btn__effect dc-btn--primary dc-btn__large da-api-token__button"]</arg>
<doc>Verifies that element identified by ``locator`` is enabled.</doc>
<status status="PASS" starttime="20211215 01:10:38.121" endtime="20211215 01:10:38.138"/>
</kw>
<kw name="Checkbox Should Be Selected" library="SeleniumLibrary">
<arg>${read}</arg>
<doc>Verifies checkbox ``locator`` is selected/checked.</doc>
<msg timestamp="20211215 01:10:38.139" level="INFO">Verifying checkbox '//*[@name="read" and contains(@class, "dc-checkbox__input")]' is selected.</msg>
<status status="PASS" starttime="20211215 01:10:38.138" endtime="20211215 01:10:38.154"/>
</kw>
<kw name="Checkbox Should Be Selected" library="SeleniumLibrary">
<arg>${trade}</arg>
<doc>Verifies checkbox ``locator`` is selected/checked.</doc>
<msg timestamp="20211215 01:10:38.155" level="INFO">Verifying checkbox '//*[@name="trade" and contains(@class, "dc-checkbox__input")]' is selected.</msg>
<status status="PASS" starttime="20211215 01:10:38.154" endtime="20211215 01:10:38.171"/>
</kw>
<kw name="Checkbox Should Be Selected" library="SeleniumLibrary">
<arg>${payments}</arg>
<doc>Verifies checkbox ``locator`` is selected/checked.</doc>
<msg timestamp="20211215 01:10:38.171" level="INFO">Verifying checkbox '//*[@name="payments" and contains(@class, "dc-checkbox__input")]' is selected.</msg>
<status status="PASS" starttime="20211215 01:10:38.171" endtime="20211215 01:10:38.187"/>
</kw>
<kw name="Click Element" library="SeleniumLibrary">
<arg>${admin_parent}</arg>
<doc>Click the element identified by ``locator``.</doc>
<msg timestamp="20211215 01:10:38.187" level="INFO">Clicking element '//*[@name="admin" and contains(@class, "dc-checkbox__input")]//parent::label'.</msg>
<status status="PASS" starttime="20211215 01:10:38.187" endtime="20211215 01:10:38.219"/>
</kw>
<kw name="Checkbox Should Be Selected" library="SeleniumLibrary">
<arg>${admin}</arg>
<doc>Verifies checkbox ``locator`` is selected/checked.</doc>
<msg timestamp="20211215 01:10:38.220" level="INFO">Verifying checkbox '//*[@name="admin" and contains(@class, "dc-checkbox__input")]' is selected.</msg>
<status status="PASS" starttime="20211215 01:10:38.219" endtime="20211215 01:10:38.242"/>
</kw>
<kw name="Click Element" library="SeleniumLibrary">
<arg>${trading_information_parent}</arg>
<doc>Click the element identified by ``locator``.</doc>
<msg timestamp="20211215 01:10:38.243" level="INFO">Clicking element '//*[@name="trading_information" and contains(@class, "dc-checkbox__input")]//parent::label'.</msg>
<status status="PASS" starttime="20211215 01:10:38.242" endtime="20211215 01:10:38.272"/>
</kw>
<kw name="Checkbox Should Be Selected" library="SeleniumLibrary">
<arg>${trading_information}</arg>
<doc>Verifies checkbox ``locator`` is selected/checked.</doc>
<msg timestamp="20211215 01:10:38.273" level="INFO">Verifying checkbox '//*[@name="trading_information" and contains(@class, "dc-checkbox__input")]' is selected.</msg>
<status status="PASS" starttime="20211215 01:10:38.272" endtime="20211215 01:10:38.293"/>
</kw>
<kw name="Press Keys" library="SeleniumLibrary">
<arg>//*[@name="token_name"]</arg>
<arg>CTRL+ALL</arg>
<arg>DELETE</arg>
<doc>Simulates the user pressing key(s) to an element or on the active browser.</doc>
<msg timestamp="20211215 01:10:38.294" level="INFO">Sending key(s) ('CTRL+ALL', 'DELETE') to //*[@name="token_name"] element.</msg>
<msg timestamp="20211215 01:10:38.571" level="INFO">Pressing special key CONTROL down.</msg>
<msg timestamp="20211215 01:10:38.571" level="INFO">Sending keys ALL</msg>
<msg timestamp="20211215 01:10:38.571" level="INFO">Releasing special key CONTROL.</msg>
<msg timestamp="20211215 01:10:38.582" level="INFO">Pressing special key DELETE to element.</msg>
<msg timestamp="20211215 01:10:38.583" level="INFO">Releasing special key DELETE.</msg>
<status status="PASS" starttime="20211215 01:10:38.293" endtime="20211215 01:10:38.594"/>
</kw>
<kw name="Input Text" library="SeleniumLibrary">
<arg>//*[@name="token_name"]</arg>
<arg>!@</arg>
<arg>True</arg>
<doc>Types the given ``text`` into the text field identified by ``locator``.</doc>
<msg timestamp="20211215 01:10:38.594" level="INFO">Typing text '!@' into text field '//*[@name="token_name"]'.</msg>
<status status="PASS" starttime="20211215 01:10:38.594" endtime="20211215 01:10:38.635"/>
</kw>
<kw name="Wait Until Page Contains Element" library="SeleniumLibrary">
<arg>//*[text()="Only letters, numbers, and underscores are allowed." and contains(@class, "dc-field dc-field--error")]</arg>
<arg>15</arg>
<doc>Waits until the element ``locator`` appears on the current page.</doc>
<status status="PASS" starttime="20211215 01:10:38.635" endtime="20211215 01:10:38.640"/>
</kw>
<kw name="Element Should Be Disabled" library="SeleniumLibrary">
<arg>//*[@class="dc-btn dc-btn__effect dc-btn--primary dc-btn__large da-api-token__button"]</arg>
<doc>Verifies that element identified by ``locator`` is disabled.</doc>
<status status="PASS" starttime="20211215 01:10:38.640" endtime="20211215 01:10:38.648"/>
</kw>
<kw name="Checkbox Should Be Selected" library="SeleniumLibrary">
<arg>${read}</arg>
<doc>Verifies checkbox ``locator`` is selected/checked.</doc>
<msg timestamp="20211215 01:10:38.649" level="INFO">Verifying checkbox '//*[@name="read" and contains(@class, "dc-checkbox__input")]' is selected.</msg>
<status status="PASS" starttime="20211215 01:10:38.649" endtime="20211215 01:10:38.663"/>
</kw>
<kw name="Checkbox Should Be Selected" library="SeleniumLibrary">
<arg>${trade}</arg>
<doc>Verifies checkbox ``locator`` is selected/checked.</doc>
<msg timestamp="20211215 01:10:38.663" level="INFO">Verifying checkbox '//*[@name="trade" and contains(@class, "dc-checkbox__input")]' is selected.</msg>
<status status="PASS" starttime="20211215 01:10:38.663" endtime="20211215 01:10:38.677"/>
</kw>
<kw name="Checkbox Should Be Selected" library="SeleniumLibrary">
<arg>${payments}</arg>
<doc>Verifies checkbox ``locator`` is selected/checked.</doc>
<msg timestamp="20211215 01:10:38.678" level="INFO">Verifying checkbox '//*[@name="payments" and contains(@class, "dc-checkbox__input")]' is selected.</msg>
<status status="PASS" starttime="20211215 01:10:38.677" endtime="20211215 01:10:38.692"/>
</kw>
<kw name="Checkbox Should Be Selected" library="SeleniumLibrary">
<arg>${admin}</arg>
<doc>Verifies checkbox ``locator`` is selected/checked.</doc>
<msg timestamp="20211215 01:10:38.692" level="INFO">Verifying checkbox '//*[@name="admin" and contains(@class, "dc-checkbox__input")]' is selected.</msg>
<status status="PASS" starttime="20211215 01:10:38.692" endtime="20211215 01:10:38.706"/>
</kw>
<kw name="Checkbox Should Be Selected" library="SeleniumLibrary">
<arg>${trading_information}</arg>
<doc>Verifies checkbox ``locator`` is selected/checked.</doc>
<msg timestamp="20211215 01:10:38.706" level="INFO">Verifying checkbox '//*[@name="trading_information" and contains(@class, "dc-checkbox__input")]' is selected.</msg>
<status status="PASS" starttime="20211215 01:10:38.706" endtime="20211215 01:10:38.721"/>
</kw>
<kw name="Press Keys" library="SeleniumLibrary">
<arg>//*[@name="token_name"]</arg>
<arg>CTRL+ALL</arg>
<arg>DELETE</arg>
<doc>Simulates the user pressing key(s) to an element or on the active browser.</doc>
<msg timestamp="20211215 01:10:38.722" level="INFO">Sending key(s) ('CTRL+ALL', 'DELETE') to //*[@name="token_name"] element.</msg>
<msg timestamp="20211215 01:10:39.003" level="INFO">Pressing special key CONTROL down.</msg>
<msg timestamp="20211215 01:10:39.003" level="INFO">Sending keys ALL</msg>
<msg timestamp="20211215 01:10:39.003" level="INFO">Releasing special key CONTROL.</msg>
<msg timestamp="20211215 01:10:39.016" level="INFO">Pressing special key DELETE to element.</msg>
<msg timestamp="20211215 01:10:39.016" level="INFO">Releasing special key DELETE.</msg>
<status status="PASS" starttime="20211215 01:10:38.721" endtime="20211215 01:10:39.027"/>
</kw>
<kw name="Input Text" library="SeleniumLibrary">
<arg>//*[@name="token_name"]</arg>
<arg>Hi this is</arg>
<arg>True</arg>
<doc>Types the given ``text`` into the text field identified by ``locator``.</doc>
<msg timestamp="20211215 01:10:39.028" level="INFO">Typing text 'Hi this is' into text field '//*[@name="token_name"]'.</msg>
<status status="PASS" starttime="20211215 01:10:39.027" endtime="20211215 01:10:39.107"/>
</kw>
<kw name="Element Should Be Enabled" library="SeleniumLibrary">
<arg>//*[@class="dc-btn dc-btn__effect dc-btn--primary dc-btn__large da-api-token__button"]</arg>
<doc>Verifies that element identified by ``locator`` is enabled.</doc>
<status status="PASS" starttime="20211215 01:10:39.107" endtime="20211215 01:10:39.125"/>
</kw>
<status status="PASS" starttime="20211215 01:10:36.170" endtime="20211215 01:10:39.126"/>
</kw>
<status status="PASS" starttime="20211215 01:10:15.431" endtime="20211215 01:10:39.126"/>
</test>
<test id="s1-t2" name="Create Token">
<kw name="Create" library="common">
<kw name="Click Element" library="SeleniumLibrary">
<arg>//*[@class="dc-btn dc-btn__effect dc-btn--primary dc-btn__large da-api-token__button"]</arg>
<doc>Click the element identified by ``locator``.</doc>
<msg timestamp="20211215 01:10:39.128" level="INFO">Clicking element '//*[@class="dc-btn dc-btn__effect dc-btn--primary dc-btn__large da-api-token__button"]'.</msg>
<status status="PASS" starttime="20211215 01:10:39.128" endtime="20211215 01:10:39.188"/>
</kw>
<status status="PASS" starttime="20211215 01:10:39.127" endtime="20211215 01:10:39.189"/>
</kw>
<status status="PASS" starttime="20211215 01:10:39.127" endtime="20211215 01:10:39.189"/>
</test>
<test id="s1-t3" name="Create Token (Enter)">
<kw name="Create Another" library="common">
<kw name="Reload Page" library="SeleniumLibrary">
<doc>Simulates user reloading page.</doc>
<status status="PASS" starttime="20211215 01:10:39.190" endtime="20211215 01:10:39.197"/>
</kw>
<kw name="Wait Until Page Does Not Contain Element" library="SeleniumLibrary">
<arg>//*[@class="initial-loader account__initial-loader"]</arg>
<arg>60</arg>
<doc>Waits until the element ``locator`` disappears from the current page.</doc>
<status status="PASS" starttime="20211215 01:10:39.197" endtime="20211215 01:10:41.752"/>
</kw>
<kw name="Click Element" library="SeleniumLibrary">
<arg>${read_parent}</arg>
<doc>Click the element identified by ``locator``.</doc>
<msg timestamp="20211215 01:10:41.753" level="INFO">Clicking element '//*[@name="read" and contains(@class, "dc-checkbox__input")]//parent::label'.</msg>
<status status="PASS" starttime="20211215 01:10:41.752" endtime="20211215 01:10:41.804"/>
</kw>
<kw name="Checkbox Should Be Selected" library="SeleniumLibrary">
<arg>${read}</arg>
<doc>Verifies checkbox ``locator`` is selected/checked.</doc>
<msg timestamp="20211215 01:10:41.805" level="INFO">Verifying checkbox '//*[@name="read" and contains(@class, "dc-checkbox__input")]' is selected.</msg>
<status status="PASS" starttime="20211215 01:10:41.804" endtime="20211215 01:10:41.869"/>
</kw>
<kw name="Press Keys" library="SeleniumLibrary">
<arg>//*[@name="token_name"]</arg>
<arg>CTRL+ALL</arg>
<arg>DELETE</arg>
<doc>Simulates the user pressing key(s) to an element or on the active browser.</doc>
<msg timestamp="20211215 01:10:41.870" level="INFO">Sending key(s) ('CTRL+ALL', 'DELETE') to //*[@name="token_name"] element.</msg>
<msg timestamp="20211215 01:10:42.155" level="INFO">Pressing special key CONTROL down.</msg>
<msg timestamp="20211215 01:10:42.155" level="INFO">Sending keys ALL</msg>
<msg timestamp="20211215 01:10:42.155" level="INFO">Releasing special key CONTROL.</msg>
<msg timestamp="20211215 01:10:42.168" level="INFO">Pressing special key DELETE to element.</msg>
<msg timestamp="20211215 01:10:42.169" level="INFO">Releasing special key DELETE.</msg>
<status status="PASS" starttime="20211215 01:10:41.869" endtime="20211215 01:10:42.173"/>
</kw>
<kw name="Input Text" library="SeleniumLibrary">
<arg>//*[@name="token_name"]</arg>
<arg>Test2</arg>
<arg>True</arg>
<doc>Types the given ``text`` into the text field identified by ``locator``.</doc>
<msg timestamp="20211215 01:10:42.175" level="INFO">Typing text 'Test2' into text field '//*[@name="token_name"]'.</msg>
<status status="PASS" starttime="20211215 01:10:42.174" endtime="20211215 01:10:42.286"/>
</kw>
<kw name="Element Should Be Enabled" library="SeleniumLibrary">
<arg>//*[@class="dc-btn dc-btn__effect dc-btn--primary dc-btn__large da-api-token__button"]</arg>
<doc>Verifies that element identified by ``locator`` is enabled.</doc>
<status status="PASS" starttime="20211215 01:10:42.287" endtime="20211215 01:10:42.315"/>
</kw>
<kw name="Press Keys" library="SeleniumLibrary">
<arg>//*[@name="token_name"]</arg>
<arg>ENTER</arg>
<doc>Simulates the user pressing key(s) to an element or on the active browser.</doc>
<msg timestamp="20211215 01:10:42.316" level="INFO">Sending key(s) ('ENTER',) to //*[@name="token_name"] element.</msg>
<msg timestamp="20211215 01:10:42.584" level="INFO">Pressing special key ENTER to element.</msg>
<msg timestamp="20211215 01:10:42.585" level="INFO">Releasing special key ENTER.</msg>
<status status="PASS" starttime="20211215 01:10:42.316" endtime="20211215 01:10:42.617"/>
</kw>
<status status="PASS" starttime="20211215 01:10:39.189" endtime="20211215 01:10:42.617"/>
</kw>
<status status="PASS" starttime="20211215 01:10:39.189" endtime="20211215 01:10:42.617"/>
</test>
<status status="PASS" starttime="20211215 01:10:15.275" endtime="20211215 01:10:42.618"/>
</suite>
<statistics>
<total>
<stat pass="3" fail="0" skip="0">All Tests</stat>
</total>
<tag>
</tag>
<suite>
<stat pass="3" fail="0" skip="0" id="s1" name="Test">Test</stat>
</suite>
</statistics>
<errors>
</errors>
</robot>
